# JRE version: Java(TM) SE Runtime Environment (21.0.8+12) (build 21.0.8+12-LTS-250)
# Java VM: Java HotSpot(TM) 64-Bit Server VM (21.0.8+12-LTS-250, mixed mode, tiered, jvmci, parallel gc, linux-amd64)
GC Precious Log:
 CardTable entry size: 512
 CPUs: 8 total, 8 available
 Memory: 15707M
 Large Page Support: Disabled
 NUMA Support: Disabled
 Compressed Oops: Disabled
 Alignments: Space 512K, Generation 512K, Heap 2M
 Heap Min Capacity: 8M
 Heap Initial Capacity: 246M
 Heap Max Capacity: 3928M
 Pre-touch: Disabled
 Parallel Workers: 8
Heap:
 PSYoungGen      total 712192K, used 514381K [0x00007f9eaad00000, 0x00007f9eefc80000, 0x00007f9efca00000)
  eden space 519680K, 98% used [0x00007f9eaad00000,0x00007f9eca3537c8,0x00007f9eca880000)
  from space 192512K, 0% used [0x00007f9ed6480000,0x00007f9ed6480000,0x00007f9ee2080000)
  to   space 192512K, 0% used [0x00007f9eca880000,0x00007f9eca880000,0x00007f9ed6480000)
 ParOldGen       total 1269760K, used 441188K [0x00007f9e07200000, 0x00007f9e54a00000, 0x00007f9eaad00000)
  object space 1269760K, 34% used [0x00007f9e07200000,0x00007f9e220d93f0,0x00007f9e54a00000)
 Metaspace       used 53328K, committed 53504K, reserved 65536K
GC Heap History (20 events):
Event: 30.632 GC heap before
{Heap before GC invocations=9 (full 2):
 PSYoungGen      total 138240K, used 137215K [0x00007f9eaad00000, 0x00007f9eb4500000, 0x00007f9efca00000)
  eden space 125440K, 100% used [0x00007f9eaad00000,0x00007f9eb2780000,0x00007f9eb2780000)
  from space 12800K, 91% used [0x00007f9eb3580000,0x00007f9eb40ffe98,0x00007f9eb4200000)
  to   space 14336K, 0% used [0x00007f9eb2780000,0x00007f9eb2780000,0x00007f9eb3580000)
 ParOldGen       total 276480K, used 271440K [0x00007f9e07200000, 0x00007f9e18000000, 0x00007f9eaad00000)
  object space 276480K, 98% used [0x00007f9e07200000,0x00007f9e17b14370,0x00007f9e18000000)
 Metaspace       used 51615K, committed 51776K, reserved 65536K
}
Event: 30.686 GC heap after
{Heap after GC invocations=9 (full 2):
 PSYoungGen      total 139776K, used 11997K [0x00007f9eaad00000, 0x00007f9ebc000000, 0x00007f9efca00000)
  eden space 125440K, 0% used [0x00007f9eaad00000,0x00007f9eaad00000,0x00007f9eb2780000)
  from space 14336K, 83% used [0x00007f9eb2780000,0x00007f9eb3337458,0x00007f9eb3580000)
  to   space 15360K, 0% used [0x00007f9ebb100000,0x00007f9ebb100000,0x00007f9ebc000000)
 ParOldGen       total 642560K, used 640089K [0x00007f9e07200000, 0x00007f9e2e580000, 0x00007f9eaad00000)
  object space 642560K, 99% used [0x00007f9e07200000,0x00007f9e2e316490,0x00007f9e2e580000)
 Metaspace       used 51615K, committed 51776K, reserved 65536K
}
Event: 30.686 GC heap before
{Heap before GC invocations=10 (full 3):
 PSYoungGen      total 139776K, used 11997K [0x00007f9eaad00000, 0x00007f9ebc000000, 0x00007f9efca00000)
  eden space 125440K, 0% used [0x00007f9eaad00000,0x00007f9eaad00000,0x00007f9eb2780000)
  from space 14336K, 83% used [0x00007f9eb2780000,0x00007f9eb3337458,0x00007f9eb3580000)
  to   space 15360K, 0% used [0x00007f9ebb100000,0x00007f9ebb100000,0x00007f9ebc000000)
 ParOldGen       total 642560K, used 640089K [0x00007f9e07200000, 0x00007f9e2e580000, 0x00007f9eaad00000)
  object space 642560K, 99% used [0x00007f9e07200000,0x00007f9e2e316490,0x00007f9e2e580000)
 Metaspace       used 51615K, committed 51776K, reserved 65536K
}
Event: 30.767 GC heap after
{Heap after GC invocations=10 (full 3):
 PSYoungGen      total 250880K, used 0K [0x00007f9eaad00000, 0x00007f9ebb880000, 0x00007f9efca00000)
  eden space 243200K, 0% used [0x00007f9eaad00000,0x00007f9eaad00000,0x00007f9eb9a80000)
  from space 7680K, 0% used [0x00007f9ebb100000,0x00007f9ebb100000,0x00007f9ebb880000)
  to   space 15360K, 0% used [0x00007f9eb9a80000,0x00007f9eb9a80000,0x00007f9eba980000)
 ParOldGen       total 616448K, used 356073K [0x00007f9e07200000, 0x00007f9e2cc00000, 0x00007f9eaad00000)
  object space 616448K, 57% used [0x00007f9e07200000,0x00007f9e1cdba470,0x00007f9e2cc00000)
 Metaspace       used 51615K, committed 51776K, reserved 65536K
}
Event: 31.135 GC heap before
{Heap before GC invocations=11 (full 3):
 PSYoungGen      total 250880K, used 238369K [0x00007f9eaad00000, 0x00007f9ebb880000, 0x00007f9efca00000)
  eden space 243200K, 98% used [0x00007f9eaad00000,0x00007f9eb95c85b0,0x00007f9eb9a80000)
  from space 7680K, 0% used [0x00007f9ebb100000,0x00007f9ebb100000,0x00007f9ebb880000)
  to   space 15360K, 0% used [0x00007f9eb9a80000,0x00007f9eb9a80000,0x00007f9eba980000)
 ParOldGen       total 616448K, used 388841K [0x00007f9e07200000, 0x00007f9e2cc00000, 0x00007f9eaad00000)
  object space 616448K, 63% used [0x00007f9e07200000,0x00007f9e1edba488,0x00007f9e2cc00000)
 Metaspace       used 52278K, committed 52480K, reserved 65536K
}
Event: 31.221 GC heap after
{Heap after GC invocations=11 (full 3):
 PSYoungGen      total 258560K, used 12896K [0x00007f9eaad00000, 0x00007f9ebba80000, 0x00007f9efca00000)
  eden space 243200K, 0% used [0x00007f9eaad00000,0x00007f9eaad00000,0x00007f9eb9a80000)
  from space 15360K, 83% used [0x00007f9eb9a80000,0x00007f9eba718330,0x00007f9eba980000)
  to   space 16384K, 0% used [0x00007f9ebaa80000,0x00007f9ebaa80000,0x00007f9ebba80000)
 ParOldGen       total 1124352K, used 1117937K [0x00007f9e07200000, 0x00007f9e4bc00000, 0x00007f9eaad00000)
  object space 1124352K, 99% used [0x00007f9e07200000,0x00007f9e4b5bc6f8,0x00007f9e4bc00000)
 Metaspace       used 52278K, committed 52480K, reserved 65536K
}
Event: 31.221 GC heap before
{Heap before GC invocations=12 (full 4):
 PSYoungGen      total 258560K, used 12896K [0x00007f9eaad00000, 0x00007f9ebba80000, 0x00007f9efca00000)
  eden space 243200K, 0% used [0x00007f9eaad00000,0x00007f9eaad00000,0x00007f9eb9a80000)
  from space 15360K, 83% used [0x00007f9eb9a80000,0x00007f9eba718330,0x00007f9eba980000)
  to   space 16384K, 0% used [0x00007f9ebaa80000,0x00007f9ebaa80000,0x00007f9ebba80000)
 ParOldGen       total 1124352K, used 1117937K [0x00007f9e07200000, 0x00007f9e4bc00000, 0x00007f9eaad00000)
  object space 1124352K, 99% used [0x00007f9e07200000,0x00007f9e4b5bc6f8,0x00007f9e4bc00000)
 Metaspace       used 52278K, committed 52480K, reserved 65536K
}
Event: 31.293 GC heap after
{Heap after GC invocations=12 (full 4):
 PSYoungGen      total 259584K, used 0K [0x00007f9eaad00000, 0x00007f9ec3e00000, 0x00007f9efca00000)
  eden space 243200K, 0% used [0x00007f9eaad00000,0x00007f9eaad00000,0x00007f9eb9a80000)
  from space 16384K, 0% used [0x00007f9ebaa80000,0x00007f9ebaa80000,0x00007f9ebba80000)
  to   space 16384K, 0% used [0x00007f9eb9a80000,0x00007f9eb9a80000,0x00007f9ebaa80000)
 ParOldGen       total 846848K, used 277451K [0x00007f9e07200000, 0x00007f9e3ad00000, 0x00007f9eaad00000)
  object space 846848K, 32% used [0x00007f9e07200000,0x00007f9e180f2f80,0x00007f9e3ad00000)
 Metaspace       used 52278K, committed 52480K, reserved 65536K
}
Event: 31.577 GC heap before
{Heap before GC invocations=13 (full 4):
 PSYoungGen      total 259584K, used 243200K [0x00007f9eaad00000, 0x00007f9ec3e00000, 0x00007f9efca00000)
  eden space 243200K, 100% used [0x00007f9eaad00000,0x00007f9eb9a80000,0x00007f9eb9a80000)
  from space 16384K, 0% used [0x00007f9ebaa80000,0x00007f9ebaa80000,0x00007f9ebba80000)
  to   space 16384K, 0% used [0x00007f9eb9a80000,0x00007f9eb9a80000,0x00007f9ebaa80000)
 ParOldGen       total 846848K, used 474062K [0x00007f9e07200000, 0x00007f9e3ad00000, 0x00007f9eaad00000)
  object space 846848K, 55% used [0x00007f9e07200000,0x00007f9e240f3838,0x00007f9e3ad00000)
 Metaspace       used 52568K, committed 52736K, reserved 65536K
}
Event: 31.599 GC heap after
{Heap after GC invocations=13 (full 4):
 PSYoungGen      total 259584K, used 11744K [0x00007f9eaad00000, 0x00007f9ec3a80000, 0x00007f9efca00000)
  eden space 243200K, 0% used [0x00007f9eaad00000,0x00007f9eaad00000,0x00007f9eb9a80000)
  from space 16384K, 71% used [0x00007f9eb9a80000,0x00007f9eba5f8258,0x00007f9ebaa80000)
  to   space 16384K, 0% used [0x00007f9ec2a80000,0x00007f9ec2a80000,0x00007f9ec3a80000)
 ParOldGen       total 846848K, used 777174K [0x00007f9e07200000, 0x00007f9e3ad00000, 0x00007f9eaad00000)
  object space 846848K, 91% used [0x00007f9e07200000,0x00007f9e368f5970,0x00007f9e3ad00000)
 Metaspace       used 52568K, committed 52736K, reserved 65536K
}
Event: 31.599 GC heap before
{Heap before GC invocations=14 (full 5):
 PSYoungGen      total 259584K, used 11744K [0x00007f9eaad00000, 0x00007f9ec3a80000, 0x00007f9efca00000)
  eden space 243200K, 0% used [0x00007f9eaad00000,0x00007f9eaad00000,0x00007f9eb9a80000)
  from space 16384K, 71% used [0x00007f9eb9a80000,0x00007f9eba5f8258,0x00007f9ebaa80000)
  to   space 16384K, 0% used [0x00007f9ec2a80000,0x00007f9ec2a80000,0x00007f9ec3a80000)
 ParOldGen       total 846848K, used 777174K [0x00007f9e07200000, 0x00007f9e3ad00000, 0x00007f9eaad00000)
  object space 846848K, 91% used [0x00007f9e07200000,0x00007f9e368f5970,0x00007f9e3ad00000)
 Metaspace       used 52568K, committed 52736K, reserved 65536K
}
Event: 31.656 GC heap after
{Heap after GC invocations=14 (full 5):
 PSYoungGen      total 349184K, used 0K [0x00007f9eaad00000, 0x00007f9ec2b00000, 0x00007f9efca00000)
  eden space 348672K, 0% used [0x00007f9eaad00000,0x00007f9eaad00000,0x00007f9ec0180000)
  from space 512K, 0% used [0x00007f9ec2a80000,0x00007f9ec2a80000,0x00007f9ec2b00000)
  to   space 16384K, 0% used [0x00007f9ec0b00000,0x00007f9ec0b00000,0x00007f9ec1b00000)
 ParOldGen       total 993792K, used 359532K [0x00007f9e07200000, 0x00007f9e43c80000, 0x00007f9eaad00000)
  object space 993792K, 36% used [0x00007f9e07200000,0x00007f9e1d11b090,0x00007f9e43c80000)
 Metaspace       used 52568K, committed 52736K, reserved 65536K
}
Event: 31.949 GC heap before
{Heap before GC invocations=15 (full 5):
 PSYoungGen      total 349184K, used 340696K [0x00007f9eaad00000, 0x00007f9ec2b00000, 0x00007f9efca00000)
  eden space 348672K, 97% used [0x00007f9eaad00000,0x00007f9ebf9b6238,0x00007f9ec0180000)
  from space 512K, 0% used [0x00007f9ec2a80000,0x00007f9ec2a80000,0x00007f9ec2b00000)
  to   space 16384K, 0% used [0x00007f9ec0b00000,0x00007f9ec0b00000,0x00007f9ec1b00000)
 ParOldGen       total 993792K, used 359532K [0x00007f9e07200000, 0x00007f9e43c80000, 0x00007f9eaad00000)
  object space 993792K, 36% used [0x00007f9e07200000,0x00007f9e1d11b090,0x00007f9e43c80000)
 Metaspace       used 52752K, committed 52992K, reserved 65536K
}
Event: 31.999 GC heap after
{Heap after GC invocations=15 (full 5):
 PSYoungGen      total 374784K, used 12032K [0x00007f9eaad00000, 0x00007f9ecc680000, 0x00007f9efca00000)
  eden space 358400K, 0% used [0x00007f9eaad00000,0x00007f9eaad00000,0x00007f9ec0b00000)
  from space 16384K, 73% used [0x00007f9ec0b00000,0x00007f9ec16c02a0,0x00007f9ec1b00000)
  to   space 16896K, 0% used [0x00007f9ecb600000,0x00007f9ecb600000,0x00007f9ecc680000)
 ParOldGen       total 993792K, used 949364K [0x00007f9e07200000, 0x00007f9e43c80000, 0x00007f9eaad00000)
  object space 993792K, 95% used [0x00007f9e07200000,0x00007f9e4111d2d0,0x00007f9e43c80000)
 Metaspace       used 52752K, committed 52992K, reserved 65536K
}
Event: 31.999 GC heap before
{Heap before GC invocations=16 (full 6):
 PSYoungGen      total 374784K, used 12032K [0x00007f9eaad00000, 0x00007f9ecc680000, 0x00007f9efca00000)
  eden space 358400K, 0% used [0x00007f9eaad00000,0x00007f9eaad00000,0x00007f9ec0b00000)
  from space 16384K, 73% used [0x00007f9ec0b00000,0x00007f9ec16c02a0,0x00007f9ec1b00000)
  to   space 16896K, 0% used [0x00007f9ecb600000,0x00007f9ecb600000,0x00007f9ecc680000)
 ParOldGen       total 993792K, used 949364K [0x00007f9e07200000, 0x00007f9e43c80000, 0x00007f9eaad00000)
  object space 993792K, 95% used [0x00007f9e07200000,0x00007f9e4111d2d0,0x00007f9e43c80000)
 Metaspace       used 52752K, committed 52992K, reserved 65536K
}
Event: 32.054 GC heap after
{Heap after GC invocations=16 (full 6):
 PSYoungGen      total 533504K, used 0K [0x00007f9eaad00000, 0x00007f9ecc980000, 0x00007f9efca00000)
  eden space 516608K, 0% used [0x00007f9eaad00000,0x00007f9eaad00000,0x00007f9eca580000)
  from space 16896K, 0% used [0x00007f9ecb600000,0x00007f9ecb600000,0x00007f9ecc680000)
  to   space 16896K, 0% used [0x00007f9eca580000,0x00007f9eca580000,0x00007f9ecb600000)
 ParOldGen       total 1146880K, used 342362K [0x00007f9e07200000, 0x00007f9e4d200000, 0x00007f9eaad00000)
  object space 1146880K, 29% used [0x00007f9e07200000,0x00007f9e1c0568b8,0x00007f9e4d200000)
 Metaspace       used 52752K, committed 52992K, reserved 65536K
}
Event: 32.437 GC heap before
{Heap before GC invocations=17 (full 6):
 PSYoungGen      total 533504K, used 513744K [0x00007f9eaad00000, 0x00007f9ecc980000, 0x00007f9efca00000)
  eden space 516608K, 99% used [0x00007f9eaad00000,0x00007f9eca2b41a0,0x00007f9eca580000)
  from space 16896K, 0% used [0x00007f9ecb600000,0x00007f9ecb600000,0x00007f9ecc680000)
  to   space 16896K, 0% used [0x00007f9eca580000,0x00007f9eca580000,0x00007f9ecb600000)
 ParOldGen       total 1146880K, used 375130K [0x00007f9e07200000, 0x00007f9e4d200000, 0x00007f9eaad00000)
  object space 1146880K, 32% used [0x00007f9e07200000,0x00007f9e1e0568d0,0x00007f9e4d200000)
 Metaspace       used 53069K, committed 53248K, reserved 65536K
}
Event: 32.473 GC heap after
{Heap after GC invocations=17 (full 6):
 PSYoungGen      total 533504K, used 16864K [0x00007f9eaad00000, 0x00007f9ee2080000, 0x00007f9efca00000)
  eden space 516608K, 0% used [0x00007f9eaad00000,0x00007f9eaad00000,0x00007f9eca580000)
  from space 16896K, 99% used [0x00007f9eca580000,0x00007f9ecb5f8048,0x00007f9ecb600000)
  to   space 192512K, 0% used [0x00007f9ed6480000,0x00007f9ed6480000,0x00007f9ee2080000)
 ParOldGen       total 1146880K, used 844703K [0x00007f9e07200000, 0x00007f9e4d200000, 0x00007f9eaad00000)
  object space 1146880K, 73% used [0x00007f9e07200000,0x00007f9e3aae7cf0,0x00007f9e4d200000)
 Metaspace       used 53069K, committed 53248K, reserved 65536K
}
Event: 32.473 GC heap before
{Heap before GC invocations=18 (full 7):
 PSYoungGen      total 533504K, used 16864K [0x00007f9eaad00000, 0x00007f9ee2080000, 0x00007f9efca00000)
  eden space 516608K, 0% used [0x00007f9eaad00000,0x00007f9eaad00000,0x00007f9eca580000)
  from space 16896K, 99% used [0x00007f9eca580000,0x00007f9ecb5f8048,0x00007f9ecb600000)
  to   space 192512K, 0% used [0x00007f9ed6480000,0x00007f9ed6480000,0x00007f9ee2080000)
 ParOldGen       total 1146880K, used 844703K [0x00007f9e07200000, 0x00007f9e4d200000, 0x00007f9eaad00000)
  object space 1146880K, 73% used [0x00007f9e07200000,0x00007f9e3aae7cf0,0x00007f9e4d200000)
 Metaspace       used 53069K, committed 53248K, reserved 65536K
}
Event: 32.522 GC heap after
{Heap after GC invocations=18 (full 7):
 PSYoungGen      total 712192K, used 0K [0x00007f9eaad00000, 0x00007f9eefc80000, 0x00007f9efca00000)
  eden space 519680K, 0% used [0x00007f9eaad00000,0x00007f9eaad00000,0x00007f9eca880000)
  from space 192512K, 0% used [0x00007f9ed6480000,0x00007f9ed6480000,0x00007f9ee2080000)
  to   space 192512K, 0% used [0x00007f9eca880000,0x00007f9eca880000,0x00007f9ed6480000)
 ParOldGen       total 1269760K, used 367460K [0x00007f9e07200000, 0x00007f9e54a00000, 0x00007f9eaad00000)
  object space 1269760K, 28% used [0x00007f9e07200000,0x00007f9e1d8d93a8,0x00007f9e54a00000)
 Metaspace       used 53069K, committed 53248K, reserved 65536K
}

