# JRE version: Java(TM) SE Runtime Environment (21.0.8+12) (build 21.0.8+12-LTS-250)
# Java VM: Java HotSpot(TM) 64-Bit Server VM (21.0.8+12-LTS-250, mixed mode, tiered, jvmci, parallel gc, linux-amd64)
GC Precious Log:
 CardTable entry size: 512
 CPUs: 8 total, 8 available
 Memory: 15707M
 Large Page Support: Disabled
 NUMA Support: Disabled
 Compressed Oops: Disabled
 Alignments: Space 512K, Generation 512K, Heap 2M
 Heap Min Capacity: 8M
 Heap Initial Capacity: 246M
 Heap Max Capacity: 3928M
 Pre-touch: Disabled
 Parallel Workers: 8
Heap:
 PSYoungGen      total 593920K, used 353805K [0x00007f3886d00000, 0x00007f38b8980000, 0x00007f38d8a00000)
  eden space 577536K, 61% used [0x00007f3886d00000,0x00007f389c683610,0x00007f38aa100000)
  from space 16384K, 0% used [0x00007f38ab100000,0x00007f38ab100000,0x00007f38ac100000)
  to   space 16384K, 0% used [0x00007f38aa100000,0x00007f38aa100000,0x00007f38ab100000)
 ParOldGen       total 322560K, used 104616K [0x00007f37e3200000, 0x00007f37f6d00000, 0x00007f3886d00000)
  object space 322560K, 32% used [0x00007f37e3200000,0x00007f37e982a250,0x00007f37f6d00000)
 Metaspace       used 52618K, committed 52800K, reserved 65536K
GC Heap History (20 events):
Event: 2.539 GC heap before
{Heap before GC invocations=7 (full 2):
 PSYoungGen      total 73728K, used 63488K [0x00007f3886d00000, 0x00007f388bf00000, 0x00007f38d8a00000)
  eden space 63488K, 100% used [0x00007f3886d00000,0x00007f388ab00000,0x00007f388ab00000)
  from space 10240K, 0% used [0x00007f388b500000,0x00007f388b500000,0x00007f388bf00000)
  to   space 10240K, 0% used [0x00007f388ab00000,0x00007f388ab00000,0x00007f388b500000)
 ParOldGen       total 167936K, used 17436K [0x00007f37e3200000, 0x00007f37ed600000, 0x00007f3886d00000)
  object space 167936K, 10% used [0x00007f37e3200000,0x00007f37e43071e0,0x00007f37ed600000)
 Metaspace       used 45881K, committed 46080K, reserved 65536K
}
Event: 2.544 GC heap after
{Heap after GC invocations=7 (full 2):
 PSYoungGen      total 73728K, used 6560K [0x00007f3886d00000, 0x00007f3890200000, 0x00007f38d8a00000)
  eden space 63488K, 0% used [0x00007f3886d00000,0x00007f3886d00000,0x00007f388ab00000)
  from space 10240K, 64% used [0x00007f388ab00000,0x00007f388b168328,0x00007f388b500000)
  to   space 12800K, 0% used [0x00007f388f580000,0x00007f388f580000,0x00007f3890200000)
 ParOldGen       total 167936K, used 17444K [0x00007f37e3200000, 0x00007f37ed600000, 0x00007f3886d00000)
  object space 167936K, 10% used [0x00007f37e3200000,0x00007f37e43091e0,0x00007f37ed600000)
 Metaspace       used 45881K, committed 46080K, reserved 65536K
}
Event: 26.369 GC heap before
{Heap before GC invocations=8 (full 2):
 PSYoungGen      total 73728K, used 57341K [0x00007f3886d00000, 0x00007f3890200000, 0x00007f38d8a00000)
  eden space 63488K, 79% used [0x00007f3886d00000,0x00007f3889e97268,0x00007f388ab00000)
  from space 10240K, 64% used [0x00007f388ab00000,0x00007f388b168328,0x00007f388b500000)
  to   space 12800K, 0% used [0x00007f388f580000,0x00007f388f580000,0x00007f3890200000)
 ParOldGen       total 167936K, used 82980K [0x00007f37e3200000, 0x00007f37ed600000, 0x00007f3886d00000)
  object space 167936K, 49% used [0x00007f37e3200000,0x00007f37e8309210,0x00007f37ed600000)
 Metaspace       used 51597K, committed 51776K, reserved 65536K
}
Event: 26.373 GC heap after
{Heap after GC invocations=8 (full 2):
 PSYoungGen      total 138752K, used 11022K [0x00007f3886d00000, 0x00007f3890400000, 0x00007f38d8a00000)
  eden space 125952K, 0% used [0x00007f3886d00000,0x00007f3886d00000,0x00007f388e800000)
  from space 12800K, 86% used [0x00007f388f580000,0x00007f38900439a8,0x00007f3890200000)
  to   space 13824K, 0% used [0x00007f388e800000,0x00007f388e800000,0x00007f388f580000)
 ParOldGen       total 167936K, used 82996K [0x00007f37e3200000, 0x00007f37ed600000, 0x00007f3886d00000)
  object space 167936K, 49% used [0x00007f37e3200000,0x00007f37e830d210,0x00007f37ed600000)
 Metaspace       used 51597K, committed 51776K, reserved 65536K
}
Event: 27.061 GC heap before
{Heap before GC invocations=9 (full 2):
 PSYoungGen      total 138752K, used 134848K [0x00007f3886d00000, 0x00007f3890400000, 0x00007f38d8a00000)
  eden space 125952K, 98% used [0x00007f3886d00000,0x00007f388e5ec7c8,0x00007f388e800000)
  from space 12800K, 86% used [0x00007f388f580000,0x00007f38900439a8,0x00007f3890200000)
  to   space 13824K, 0% used [0x00007f388e800000,0x00007f388e800000,0x00007f388f580000)
 ParOldGen       total 167936K, used 82996K [0x00007f37e3200000, 0x00007f37ed600000, 0x00007f3886d00000)
  object space 167936K, 49% used [0x00007f37e3200000,0x00007f37e830d210,0x00007f37ed600000)
 Metaspace       used 51778K, committed 52032K, reserved 65536K
}
Event: 27.065 GC heap after
{Heap after GC invocations=9 (full 2):
 PSYoungGen      total 139776K, used 10878K [0x00007f3886d00000, 0x00007f3897f00000, 0x00007f38d8a00000)
  eden space 125952K, 0% used [0x00007f3886d00000,0x00007f3886d00000,0x00007f388e800000)
  from space 13824K, 78% used [0x00007f388e800000,0x00007f388f29f990,0x00007f388f580000)
  to   space 14336K, 0% used [0x00007f3897100000,0x00007f3897100000,0x00007f3897f00000)
 ParOldGen       total 167936K, used 83004K [0x00007f37e3200000, 0x00007f37ed600000, 0x00007f3886d00000)
  object space 167936K, 49% used [0x00007f37e3200000,0x00007f37e830f210,0x00007f37ed600000)
 Metaspace       used 51778K, committed 52032K, reserved 65536K
}
Event: 27.522 GC heap before
{Heap before GC invocations=10 (full 2):
 PSYoungGen      total 139776K, used 111394K [0x00007f3886d00000, 0x00007f3897f00000, 0x00007f38d8a00000)
  eden space 125952K, 79% used [0x00007f3886d00000,0x00007f388cf29110,0x00007f388e800000)
  from space 13824K, 78% used [0x00007f388e800000,0x00007f388f29f990,0x00007f388f580000)
  to   space 14336K, 0% used [0x00007f3897100000,0x00007f3897100000,0x00007f3897f00000)
 ParOldGen       total 167936K, used 83004K [0x00007f37e3200000, 0x00007f37ed600000, 0x00007f3886d00000)
  object space 167936K, 49% used [0x00007f37e3200000,0x00007f37e830f210,0x00007f37ed600000)
 Metaspace       used 51876K, committed 52096K, reserved 65536K
}
Event: 27.539 GC heap after
{Heap after GC invocations=10 (full 2):
 PSYoungGen      total 265728K, used 10922K [0x00007f3886d00000, 0x00007f3898000000, 0x00007f38d8a00000)
  eden space 251392K, 0% used [0x00007f3886d00000,0x00007f3886d00000,0x00007f3896280000)
  from space 14336K, 76% used [0x00007f3897100000,0x00007f3897baa978,0x00007f3897f00000)
  to   space 14848K, 0% used [0x00007f3896280000,0x00007f3896280000,0x00007f3897100000)
 ParOldGen       total 167936K, used 148548K [0x00007f37e3200000, 0x00007f37ed600000, 0x00007f3886d00000)
  object space 167936K, 88% used [0x00007f37e3200000,0x00007f37ec311240,0x00007f37ed600000)
 Metaspace       used 51876K, committed 52096K, reserved 65536K
}
Event: 27.539 GC heap before
{Heap before GC invocations=11 (full 3):
 PSYoungGen      total 265728K, used 10922K [0x00007f3886d00000, 0x00007f3898000000, 0x00007f38d8a00000)
  eden space 251392K, 0% used [0x00007f3886d00000,0x00007f3886d00000,0x00007f3896280000)
  from space 14336K, 76% used [0x00007f3897100000,0x00007f3897baa978,0x00007f3897f00000)
  to   space 14848K, 0% used [0x00007f3896280000,0x00007f3896280000,0x00007f3897100000)
 ParOldGen       total 167936K, used 148548K [0x00007f37e3200000, 0x00007f37ed600000, 0x00007f3886d00000)
  object space 167936K, 88% used [0x00007f37e3200000,0x00007f37ec311240,0x00007f37ed600000)
 Metaspace       used 51876K, committed 52096K, reserved 65536K
}
Event: 27.577 GC heap after
{Heap after GC invocations=11 (full 3):
 PSYoungGen      total 266240K, used 0K [0x00007f3886d00000, 0x00007f38a0780000, 0x00007f38d8a00000)
  eden space 251392K, 0% used [0x00007f3886d00000,0x00007f3886d00000,0x00007f3896280000)
  from space 14848K, 0% used [0x00007f3896280000,0x00007f3896280000,0x00007f3897100000)
  to   space 14848K, 0% used [0x00007f389f900000,0x00007f389f900000,0x00007f38a0780000)
 ParOldGen       total 224768K, used 125548K [0x00007f37e3200000, 0x00007f37f0d80000, 0x00007f3886d00000)
  object space 224768K, 55% used [0x00007f37e3200000,0x00007f37eac9b328,0x00007f37f0d80000)
 Metaspace       used 51876K, committed 52096K, reserved 65536K
}
Event: 46.181 GC heap before
{Heap before GC invocations=12 (full 3):
 PSYoungGen      total 266240K, used 251392K [0x00007f3886d00000, 0x00007f38a0780000, 0x00007f38d8a00000)
  eden space 251392K, 100% used [0x00007f3886d00000,0x00007f3896280000,0x00007f3896280000)
  from space 14848K, 0% used [0x00007f3896280000,0x00007f3896280000,0x00007f3897100000)
  to   space 14848K, 0% used [0x00007f389f900000,0x00007f389f900000,0x00007f38a0780000)
 ParOldGen       total 224768K, used 125548K [0x00007f37e3200000, 0x00007f37f0d80000, 0x00007f3886d00000)
  object space 224768K, 55% used [0x00007f37e3200000,0x00007f37eac9b328,0x00007f37f0d80000)
 Metaspace       used 52334K, committed 52544K, reserved 65536K
}
Event: 46.215 GC heap after
{Heap after GC invocations=12 (full 3):
 PSYoungGen      total 400384K, used 352K [0x00007f3886d00000, 0x00007f38a0600000, 0x00007f38d8a00000)
  eden space 387072K, 0% used [0x00007f3886d00000,0x00007f3886d00000,0x00007f389e700000)
  from space 13312K, 2% used [0x00007f389f900000,0x00007f389f958000,0x00007f38a0600000)
  to   space 15872K, 0% used [0x00007f389e700000,0x00007f389e700000,0x00007f389f680000)
 ParOldGen       total 350720K, used 337003K [0x00007f37e3200000, 0x00007f37f8880000, 0x00007f3886d00000)
  object space 350720K, 96% used [0x00007f37e3200000,0x00007f37f7b1ae98,0x00007f37f8880000)
 Metaspace       used 52334K, committed 52544K, reserved 65536K
}
Event: 46.215 GC heap before
{Heap before GC invocations=13 (full 4):
 PSYoungGen      total 400384K, used 352K [0x00007f3886d00000, 0x00007f38a0600000, 0x00007f38d8a00000)
  eden space 387072K, 0% used [0x00007f3886d00000,0x00007f3886d00000,0x00007f389e700000)
  from space 13312K, 2% used [0x00007f389f900000,0x00007f389f958000,0x00007f38a0600000)
  to   space 15872K, 0% used [0x00007f389e700000,0x00007f389e700000,0x00007f389f680000)
 ParOldGen       total 350720K, used 337003K [0x00007f37e3200000, 0x00007f37f8880000, 0x00007f3886d00000)
  object space 350720K, 96% used [0x00007f37e3200000,0x00007f37f7b1ae98,0x00007f37f8880000)
 Metaspace       used 52334K, committed 52544K, reserved 65536K
}
Event: 46.249 GC heap after
{Heap after GC invocations=13 (full 4):
 PSYoungGen      total 402944K, used 0K [0x00007f3886d00000, 0x00007f38ad000000, 0x00007f38d8a00000)
  eden space 387072K, 0% used [0x00007f3886d00000,0x00007f3886d00000,0x00007f389e700000)
  from space 15872K, 0% used [0x00007f389e700000,0x00007f389e700000,0x00007f389f680000)
  to   space 15872K, 0% used [0x00007f38ac080000,0x00007f38ac080000,0x00007f38ad000000)
 ParOldGen       total 301056K, used 113951K [0x00007f37e3200000, 0x00007f37f5800000, 0x00007f3886d00000)
  object space 301056K, 37% used [0x00007f37e3200000,0x00007f37ea147ef0,0x00007f37f5800000)
 Metaspace       used 52334K, committed 52544K, reserved 65536K
}
Event: 47.318 GC heap before
{Heap before GC invocations=14 (full 4):
 PSYoungGen      total 402944K, used 387072K [0x00007f3886d00000, 0x00007f38ad000000, 0x00007f38d8a00000)
  eden space 387072K, 100% used [0x00007f3886d00000,0x00007f389e700000,0x00007f389e700000)
  from space 15872K, 0% used [0x00007f389e700000,0x00007f389e700000,0x00007f389f680000)
  to   space 15872K, 0% used [0x00007f38ac080000,0x00007f38ac080000,0x00007f38ad000000)
 ParOldGen       total 301056K, used 113951K [0x00007f37e3200000, 0x00007f37f5800000, 0x00007f3886d00000)
  object space 301056K, 37% used [0x00007f37e3200000,0x00007f37ea147ef0,0x00007f37f5800000)
 Metaspace       used 52448K, committed 52608K, reserved 65536K
}
Event: 47.319 GC heap after
{Heap after GC invocations=14 (full 4):
 PSYoungGen      total 597504K, used 160K [0x00007f3886d00000, 0x00007f38aca80000, 0x00007f38d8a00000)
  eden space 587264K, 0% used [0x00007f3886d00000,0x00007f3886d00000,0x00007f38aaa80000)
  from space 10240K, 1% used [0x00007f38ac080000,0x00007f38ac0a8000,0x00007f38aca80000)
  to   space 16384K, 0% used [0x00007f38aaa80000,0x00007f38aaa80000,0x00007f38aba80000)
 ParOldGen       total 301056K, used 113959K [0x00007f37e3200000, 0x00007f37f5800000, 0x00007f3886d00000)
  object space 301056K, 37% used [0x00007f37e3200000,0x00007f37ea149ef0,0x00007f37f5800000)
 Metaspace       used 52448K, committed 52608K, reserved 65536K
}
Event: 49.172 GC heap before
{Heap before GC invocations=15 (full 4):
 PSYoungGen      total 597504K, used 587424K [0x00007f3886d00000, 0x00007f38aca80000, 0x00007f38d8a00000)
  eden space 587264K, 100% used [0x00007f3886d00000,0x00007f38aaa80000,0x00007f38aaa80000)
  from space 10240K, 1% used [0x00007f38ac080000,0x00007f38ac0a8000,0x00007f38aca80000)
  to   space 16384K, 0% used [0x00007f38aaa80000,0x00007f38aaa80000,0x00007f38aba80000)
 ParOldGen       total 301056K, used 113959K [0x00007f37e3200000, 0x00007f37f5800000, 0x00007f3886d00000)
  object space 301056K, 37% used [0x00007f37e3200000,0x00007f37ea149ef0,0x00007f37f5800000)
 Metaspace       used 52452K, committed 52608K, reserved 65536K
}
Event: 49.178 GC heap after
{Heap after GC invocations=15 (full 4):
 PSYoungGen      total 562176K, used 224K [0x00007f3886d00000, 0x00007f38ac100000, 0x00007f38d8a00000)
  eden space 561664K, 0% used [0x00007f3886d00000,0x00007f3886d00000,0x00007f38a9180000)
  from space 512K, 43% used [0x00007f38aaa80000,0x00007f38aaab8000,0x00007f38aab00000)
  to   space 16384K, 0% used [0x00007f38ab100000,0x00007f38ab100000,0x00007f38ac100000)
 ParOldGen       total 301056K, used 209378K [0x00007f37e3200000, 0x00007f37f5800000, 0x00007f3886d00000)
  object space 301056K, 69% used [0x00007f37e3200000,0x00007f37efe789e8,0x00007f37f5800000)
 Metaspace       used 52452K, committed 52608K, reserved 65536K
}
Event: 49.178 GC heap before
{Heap before GC invocations=16 (full 5):
 PSYoungGen      total 562176K, used 224K [0x00007f3886d00000, 0x00007f38ac100000, 0x00007f38d8a00000)
  eden space 561664K, 0% used [0x00007f3886d00000,0x00007f3886d00000,0x00007f38a9180000)
  from space 512K, 43% used [0x00007f38aaa80000,0x00007f38aaab8000,0x00007f38aab00000)
  to   space 16384K, 0% used [0x00007f38ab100000,0x00007f38ab100000,0x00007f38ac100000)
 ParOldGen       total 301056K, used 209378K [0x00007f37e3200000, 0x00007f37f5800000, 0x00007f3886d00000)
  object space 301056K, 69% used [0x00007f37e3200000,0x00007f37efe789e8,0x00007f37f5800000)
 Metaspace       used 52452K, committed 52608K, reserved 65536K
}
Event: 49.208 GC heap after
{Heap after GC invocations=16 (full 5):
 PSYoungGen      total 593920K, used 0K [0x00007f3886d00000, 0x00007f38b8980000, 0x00007f38d8a00000)
  eden space 577536K, 0% used [0x00007f3886d00000,0x00007f3886d00000,0x00007f38aa100000)
  from space 16384K, 0% used [0x00007f38ab100000,0x00007f38ab100000,0x00007f38ac100000)
  to   space 16384K, 0% used [0x00007f38aa100000,0x00007f38aa100000,0x00007f38ab100000)
 ParOldGen       total 322560K, used 104616K [0x00007f37e3200000, 0x00007f37f6d00000, 0x00007f3886d00000)
  object space 322560K, 32% used [0x00007f37e3200000,0x00007f37e982a250,0x00007f37f6d00000)
 Metaspace       used 52452K, committed 52608K, reserved 65536K
}

