# JRE version: Java(TM) SE Runtime Environment (21.0.8+12) (build 21.0.8+12-LTS-250)
# Java VM: Java HotSpot(TM) 64-Bit Server VM (21.0.8+12-LTS-250, mixed mode, tiered, jvmci, parallel gc, linux-amd64)
GC Precious Log:
 CardTable entry size: 512
 CPUs: 8 total, 8 available
 Memory: 15707M
 Large Page Support: Disabled
 NUMA Support: Disabled
 Compressed Oops: Disabled
 Alignments: Space 512K, Generation 512K, Heap 2M
 Heap Min Capacity: 8M
 Heap Initial Capacity: 246M
 Heap Max Capacity: 3928M
 Pre-touch: Disabled
 Parallel Workers: 8
Heap:
 PSYoungGen      total 137728K, used 31623K [0x00007f873ed00000, 0x00007f8748600000, 0x00007f8790a00000)
  eden space 124928K, 15% used [0x00007f873ed00000,0x00007f873ffb2278,0x00007f8746700000)
  from space 12800K, 97% used [0x00007f8747580000,0x00007f87481afa20,0x00007f8748200000)
  to   space 14848K, 0% used [0x00007f8746700000,0x00007f8746700000,0x00007f8747580000)
 ParOldGen       total 500736K, used 476215K [0x00007f869b200000, 0x00007f86b9b00000, 0x00007f873ed00000)
  object space 500736K, 95% used [0x00007f869b200000,0x00007f86b830dea8,0x00007f86b9b00000)
 Metaspace       used 52626K, committed 52800K, reserved 65536K
GC Heap History (16 events):
Event: 0.567 GC heap before
{Heap before GC invocations=1 (full 0):
 PSYoungGen      total 73728K, used 63488K [0x00007f873ed00000, 0x00007f8743f00000, 0x00007f8790a00000)
  eden space 63488K, 100% used [0x00007f873ed00000,0x00007f8742b00000,0x00007f8742b00000)
  from space 10240K, 0% used [0x00007f8743500000,0x00007f8743500000,0x00007f8743f00000)
  to   space 10240K, 0% used [0x00007f8742b00000,0x00007f8742b00000,0x00007f8743500000)
 ParOldGen       total 167936K, used 0K [0x00007f869b200000, 0x00007f86a5600000, 0x00007f873ed00000)
  object space 167936K, 0% used [0x00007f869b200000,0x00007f869b200000,0x00007f86a5600000)
 Metaspace       used 15142K, committed 15232K, reserved 65536K
}
Event: 0.570 GC heap after
{Heap after GC invocations=1 (full 0):
 PSYoungGen      total 73728K, used 8936K [0x00007f873ed00000, 0x00007f8743f00000, 0x00007f8790a00000)
  eden space 63488K, 0% used [0x00007f873ed00000,0x00007f873ed00000,0x00007f8742b00000)
  from space 10240K, 87% used [0x00007f8742b00000,0x00007f87433ba298,0x00007f8743500000)
  to   space 10240K, 0% used [0x00007f8743500000,0x00007f8743500000,0x00007f8743f00000)
 ParOldGen       total 167936K, used 88K [0x00007f869b200000, 0x00007f86a5600000, 0x00007f873ed00000)
  object space 167936K, 0% used [0x00007f869b200000,0x00007f869b216018,0x00007f86a5600000)
 Metaspace       used 15142K, committed 15232K, reserved 65536K
}
Event: 0.751 GC heap before
{Heap before GC invocations=2 (full 0):
 PSYoungGen      total 73728K, used 32141K [0x00007f873ed00000, 0x00007f8743f00000, 0x00007f8790a00000)
  eden space 63488K, 36% used [0x00007f873ed00000,0x00007f87403a9218,0x00007f8742b00000)
  from space 10240K, 87% used [0x00007f8742b00000,0x00007f87433ba298,0x00007f8743500000)
  to   space 10240K, 0% used [0x00007f8743500000,0x00007f8743500000,0x00007f8743f00000)
 ParOldGen       total 167936K, used 88K [0x00007f869b200000, 0x00007f86a5600000, 0x00007f873ed00000)
  object space 167936K, 0% used [0x00007f869b200000,0x00007f869b216018,0x00007f86a5600000)
 Metaspace       used 21424K, committed 21504K, reserved 65536K
}
Event: 0.754 GC heap after
{Heap after GC invocations=2 (full 0):
 PSYoungGen      total 73728K, used 10222K [0x00007f873ed00000, 0x00007f8743f00000, 0x00007f8790a00000)
  eden space 63488K, 0% used [0x00007f873ed00000,0x00007f873ed00000,0x00007f8742b00000)
  from space 10240K, 99% used [0x00007f8743500000,0x00007f8743efba08,0x00007f8743f00000)
  to   space 10240K, 0% used [0x00007f8742b00000,0x00007f8742b00000,0x00007f8743500000)
 ParOldGen       total 167936K, used 1618K [0x00007f869b200000, 0x00007f86a5600000, 0x00007f873ed00000)
  object space 167936K, 0% used [0x00007f869b200000,0x00007f869b394828,0x00007f86a5600000)
 Metaspace       used 21424K, committed 21504K, reserved 65536K
}
Event: 0.754 GC heap before
{Heap before GC invocations=3 (full 1):
 PSYoungGen      total 73728K, used 10222K [0x00007f873ed00000, 0x00007f8743f00000, 0x00007f8790a00000)
  eden space 63488K, 0% used [0x00007f873ed00000,0x00007f873ed00000,0x00007f8742b00000)
  from space 10240K, 99% used [0x00007f8743500000,0x00007f8743efba08,0x00007f8743f00000)
  to   space 10240K, 0% used [0x00007f8742b00000,0x00007f8742b00000,0x00007f8743500000)
 ParOldGen       total 167936K, used 1618K [0x00007f869b200000, 0x00007f86a5600000, 0x00007f873ed00000)
  object space 167936K, 0% used [0x00007f869b200000,0x00007f869b394828,0x00007f86a5600000)
 Metaspace       used 21424K, committed 21504K, reserved 65536K
}
Event: 0.763 GC heap after
{Heap after GC invocations=3 (full 1):
 PSYoungGen      total 73728K, used 0K [0x00007f873ed00000, 0x00007f8743f00000, 0x00007f8790a00000)
  eden space 63488K, 0% used [0x00007f873ed00000,0x00007f873ed00000,0x00007f8742b00000)
  from space 10240K, 0% used [0x00007f8743500000,0x00007f8743500000,0x00007f8743f00000)
  to   space 10240K, 0% used [0x00007f8742b00000,0x00007f8742b00000,0x00007f8743500000)
 ParOldGen       total 167936K, used 11713K [0x00007f869b200000, 0x00007f86a5600000, 0x00007f873ed00000)
  object space 167936K, 6% used [0x00007f869b200000,0x00007f869bd70480,0x00007f86a5600000)
 Metaspace       used 21424K, committed 21504K, reserved 65536K
}
Event: 1.353 GC heap before
{Heap before GC invocations=4 (full 1):
 PSYoungGen      total 73728K, used 63488K [0x00007f873ed00000, 0x00007f8743f00000, 0x00007f8790a00000)
  eden space 63488K, 100% used [0x00007f873ed00000,0x00007f8742b00000,0x00007f8742b00000)
  from space 10240K, 0% used [0x00007f8743500000,0x00007f8743500000,0x00007f8743f00000)
  to   space 10240K, 0% used [0x00007f8742b00000,0x00007f8742b00000,0x00007f8743500000)
 ParOldGen       total 167936K, used 11713K [0x00007f869b200000, 0x00007f86a5600000, 0x00007f873ed00000)
  object space 167936K, 6% used [0x00007f869b200000,0x00007f869bd70480,0x00007f86a5600000)
 Metaspace       used 34440K, committed 34560K, reserved 65536K
}
Event: 1.355 GC heap after
{Heap after GC invocations=4 (full 1):
 PSYoungGen      total 73728K, used 5701K [0x00007f873ed00000, 0x00007f8743f00000, 0x00007f8790a00000)
  eden space 63488K, 0% used [0x00007f873ed00000,0x00007f873ed00000,0x00007f8742b00000)
  from space 10240K, 55% used [0x00007f8742b00000,0x00007f8743091720,0x00007f8743500000)
  to   space 10240K, 0% used [0x00007f8743500000,0x00007f8743500000,0x00007f8743f00000)
 ParOldGen       total 167936K, used 11721K [0x00007f869b200000, 0x00007f86a5600000, 0x00007f873ed00000)
  object space 167936K, 6% used [0x00007f869b200000,0x00007f869bd72480,0x00007f86a5600000)
 Metaspace       used 34440K, committed 34560K, reserved 65536K
}
Event: 1.402 GC heap before
{Heap before GC invocations=5 (full 1):
 PSYoungGen      total 73728K, used 12926K [0x00007f873ed00000, 0x00007f8743f00000, 0x00007f8790a00000)
  eden space 63488K, 11% used [0x00007f873ed00000,0x00007f873f40e158,0x00007f8742b00000)
  from space 10240K, 55% used [0x00007f8742b00000,0x00007f8743091720,0x00007f8743500000)
  to   space 10240K, 0% used [0x00007f8743500000,0x00007f8743500000,0x00007f8743f00000)
 ParOldGen       total 167936K, used 11721K [0x00007f869b200000, 0x00007f86a5600000, 0x00007f873ed00000)
  object space 167936K, 6% used [0x00007f869b200000,0x00007f869bd72480,0x00007f86a5600000)
 Metaspace       used 35723K, committed 35840K, reserved 65536K
}
Event: 1.404 GC heap after
{Heap after GC invocations=5 (full 1):
 PSYoungGen      total 73728K, used 6016K [0x00007f873ed00000, 0x00007f8743f00000, 0x00007f8790a00000)
  eden space 63488K, 0% used [0x00007f873ed00000,0x00007f873ed00000,0x00007f8742b00000)
  from space 10240K, 58% used [0x00007f8743500000,0x00007f8743ae0060,0x00007f8743f00000)
  to   space 10240K, 0% used [0x00007f8742b00000,0x00007f8742b00000,0x00007f8743500000)
 ParOldGen       total 167936K, used 11729K [0x00007f869b200000, 0x00007f86a5600000, 0x00007f873ed00000)
  object space 167936K, 6% used [0x00007f869b200000,0x00007f869bd74480,0x00007f86a5600000)
 Metaspace       used 35723K, committed 35840K, reserved 65536K
}
Event: 1.404 GC heap before
{Heap before GC invocations=6 (full 2):
 PSYoungGen      total 73728K, used 6016K [0x00007f873ed00000, 0x00007f8743f00000, 0x00007f8790a00000)
  eden space 63488K, 0% used [0x00007f873ed00000,0x00007f873ed00000,0x00007f8742b00000)
  from space 10240K, 58% used [0x00007f8743500000,0x00007f8743ae0060,0x00007f8743f00000)
  to   space 10240K, 0% used [0x00007f8742b00000,0x00007f8742b00000,0x00007f8743500000)
 ParOldGen       total 167936K, used 11729K [0x00007f869b200000, 0x00007f86a5600000, 0x00007f873ed00000)
  object space 167936K, 6% used [0x00007f869b200000,0x00007f869bd74480,0x00007f86a5600000)
 Metaspace       used 35723K, committed 35840K, reserved 65536K
}
Event: 1.417 GC heap after
{Heap after GC invocations=6 (full 2):
 PSYoungGen      total 73728K, used 0K [0x00007f873ed00000, 0x00007f8743f00000, 0x00007f8790a00000)
  eden space 63488K, 0% used [0x00007f873ed00000,0x00007f873ed00000,0x00007f8742b00000)
  from space 10240K, 0% used [0x00007f8743500000,0x00007f8743500000,0x00007f8743f00000)
  to   space 10240K, 0% used [0x00007f8742b00000,0x00007f8742b00000,0x00007f8743500000)
 ParOldGen       total 167936K, used 17439K [0x00007f869b200000, 0x00007f86a5600000, 0x00007f873ed00000)
  object space 167936K, 10% used [0x00007f869b200000,0x00007f869c307d58,0x00007f86a5600000)
 Metaspace       used 35723K, committed 35840K, reserved 65536K
}
Event: 2.148 GC heap before
{Heap before GC invocations=7 (full 2):
 PSYoungGen      total 73728K, used 63488K [0x00007f873ed00000, 0x00007f8743f00000, 0x00007f8790a00000)
  eden space 63488K, 100% used [0x00007f873ed00000,0x00007f8742b00000,0x00007f8742b00000)
  from space 10240K, 0% used [0x00007f8743500000,0x00007f8743500000,0x00007f8743f00000)
  to   space 10240K, 0% used [0x00007f8742b00000,0x00007f8742b00000,0x00007f8743500000)
 ParOldGen       total 167936K, used 17439K [0x00007f869b200000, 0x00007f86a5600000, 0x00007f873ed00000)
  object space 167936K, 10% used [0x00007f869b200000,0x00007f869c307d58,0x00007f86a5600000)
 Metaspace       used 46026K, committed 46208K, reserved 65536K
}
Event: 2.153 GC heap after
{Heap after GC invocations=7 (full 2):
 PSYoungGen      total 73728K, used 6682K [0x00007f873ed00000, 0x00007f8748200000, 0x00007f8790a00000)
  eden space 63488K, 0% used [0x00007f873ed00000,0x00007f873ed00000,0x00007f8742b00000)
  from space 10240K, 65% used [0x00007f8742b00000,0x00007f87431868d0,0x00007f8743500000)
  to   space 12800K, 0% used [0x00007f8747580000,0x00007f8747580000,0x00007f8748200000)
 ParOldGen       total 167936K, used 17447K [0x00007f869b200000, 0x00007f86a5600000, 0x00007f873ed00000)
  object space 167936K, 10% used [0x00007f869b200000,0x00007f869c309d58,0x00007f86a5600000)
 Metaspace       used 46026K, committed 46208K, reserved 65536K
}
Event: 34.385 GC heap before
{Heap before GC invocations=8 (full 2):
 PSYoungGen      total 73728K, used 70170K [0x00007f873ed00000, 0x00007f8748200000, 0x00007f8790a00000)
  eden space 63488K, 100% used [0x00007f873ed00000,0x00007f8742b00000,0x00007f8742b00000)
  from space 10240K, 65% used [0x00007f8742b00000,0x00007f87431868d0,0x00007f8743500000)
  to   space 12800K, 0% used [0x00007f8747580000,0x00007f8747580000,0x00007f8748200000)
 ParOldGen       total 500736K, used 476199K [0x00007f869b200000, 0x00007f86b9b00000, 0x00007f873ed00000)
  object space 500736K, 95% used [0x00007f869b200000,0x00007f86b8309ea8,0x00007f86b9b00000)
 Metaspace       used 52466K, committed 52672K, reserved 65536K
}
Event: 34.388 GC heap after
{Heap after GC invocations=8 (full 2):
 PSYoungGen      total 137728K, used 12478K [0x00007f873ed00000, 0x00007f8748600000, 0x00007f8790a00000)
  eden space 124928K, 0% used [0x00007f873ed00000,0x00007f873ed00000,0x00007f8746700000)
  from space 12800K, 97% used [0x00007f8747580000,0x00007f87481afa20,0x00007f8748200000)
  to   space 14848K, 0% used [0x00007f8746700000,0x00007f8746700000,0x00007f8747580000)
 ParOldGen       total 500736K, used 476215K [0x00007f869b200000, 0x00007f86b9b00000, 0x00007f873ed00000)
  object space 500736K, 95% used [0x00007f869b200000,0x00007f86b830dea8,0x00007f86b9b00000)
 Metaspace       used 52466K, committed 52672K, reserved 65536K
}

