# JRE version: Java(TM) SE Runtime Environment (21.0.8+12) (build 21.0.8+12-LTS-250)
# Java VM: Java HotSpot(TM) 64-Bit Server VM (21.0.8+12-LTS-250, mixed mode, tiered, jvmci, parallel gc, linux-amd64)
GC Precious Log:
 CardTable entry size: 512
 CPUs: 8 total, 8 available
 Memory: 15707M
 Large Page Support: Disabled
 NUMA Support: Disabled
 Compressed Oops: Disabled
 Alignments: Space 512K, Generation 512K, Heap 2M
 Heap Min Capacity: 2G
 Heap Initial Capacity: 2G
 Heap Max Capacity: 4G
 Pre-touch: Disabled
 Parallel Workers: 8
Heap:
 PSYoungGen      total 574976K, used 21610K [0x00007f2e7f500000, 0x00007f2ed3600000, 0x00007f2ed4a00000)
  eden space 573440K, 3% used [0x00007f2e7f500000,0x00007f2e808aaa28,0x00007f2ea2500000)
  from space 1536K, 95% used [0x00007f2ea3200000,0x00007f2ea3370060,0x00007f2ea3380000)
  to   space 401920K, 0% used [0x00007f2ebad80000,0x00007f2ebad80000,0x00007f2ed3600000)
 ParOldGen       total 1677312K, used 1123556K [0x00007f2dd4a00000, 0x00007f2e3b000000, 0x00007f2e7f500000)
  object space 1677312K, 66% used [0x00007f2dd4a00000,0x00007f2e19339328,0x00007f2e3b000000)
 Metaspace       used 56580K, committed 56768K, reserved 65536K
GC Heap History (20 events):
Event: 62.373 GC heap before
{Heap before GC invocations=37 (full 12):
 PSYoungGen      total 1144320K, used 1135461K [0x00007f2e7f500000, 0x00007f2ed4a00000, 0x00007f2ed4a00000)
  eden space 950272K, 99% used [0x00007f2e7f500000,0x00007f2eb93394c0,0x00007f2eb9500000)
  from space 194048K, 96% used [0x00007f2ec8c80000,0x00007f2ed4320108,0x00007f2ed4a00000)
  to   space 223744K, 0% used [0x00007f2eb9500000,0x00007f2eb9500000,0x00007f2ec6f80000)
 ParOldGen       total 1398272K, used 110680K [0x00007f2dd4a00000, 0x00007f2e29f80000, 0x00007f2e7f500000)
  object space 1398272K, 7% used [0x00007f2dd4a00000,0x00007f2ddb616110,0x00007f2e29f80000)
 Metaspace       used 55309K, committed 55552K, reserved 65536K
}
Event: 62.378 GC heap after
{Heap after GC invocations=37 (full 12):
 PSYoungGen      total 936960K, used 16608K [0x00007f2e7f500000, 0x00007f2ed2880000, 0x00007f2ed4a00000)
  eden space 920064K, 0% used [0x00007f2e7f500000,0x00007f2e7f500000,0x00007f2eb7780000)
  from space 16896K, 98% used [0x00007f2eb9500000,0x00007f2eba538018,0x00007f2eba580000)
  to   space 221696K, 0% used [0x00007f2ec5000000,0x00007f2ec5000000,0x00007f2ed2880000)
 ParOldGen       total 1398272K, used 116868K [0x00007f2dd4a00000, 0x00007f2e29f80000, 0x00007f2e7f500000)
  object space 1398272K, 8% used [0x00007f2dd4a00000,0x00007f2ddbc21200,0x00007f2e29f80000)
 Metaspace       used 55309K, committed 55552K, reserved 65536K
}
Event: 65.530 GC heap before
{Heap before GC invocations=38 (full 12):
 PSYoungGen      total 936960K, used 921219K [0x00007f2e7f500000, 0x00007f2ed2880000, 0x00007f2ed4a00000)
  eden space 920064K, 98% used [0x00007f2e7f500000,0x00007f2eb6868cb0,0x00007f2eb7780000)
  from space 16896K, 98% used [0x00007f2eb9500000,0x00007f2eba538018,0x00007f2eba580000)
  to   space 221696K, 0% used [0x00007f2ec5000000,0x00007f2ec5000000,0x00007f2ed2880000)
 ParOldGen       total 1398272K, used 116868K [0x00007f2dd4a00000, 0x00007f2e29f80000, 0x00007f2e7f500000)
  object space 1398272K, 8% used [0x00007f2dd4a00000,0x00007f2ddbc21200,0x00007f2e29f80000)
 Metaspace       used 55353K, committed 55552K, reserved 65536K
}
Event: 65.540 GC heap after
{Heap after GC invocations=38 (full 12):
 PSYoungGen      total 1081344K, used 114912K [0x00007f2e7f500000, 0x00007f2ed0a00000, 0x00007f2ed4a00000)
  eden space 890880K, 0% used [0x00007f2e7f500000,0x00007f2e7f500000,0x00007f2eb5b00000)
  from space 190464K, 60% used [0x00007f2ec5000000,0x00007f2ecc0380a8,0x00007f2ed0a00000)
  to   space 220672K, 0% used [0x00007f2eb5b00000,0x00007f2eb5b00000,0x00007f2ec3280000)
 ParOldGen       total 1398272K, used 116916K [0x00007f2dd4a00000, 0x00007f2e29f80000, 0x00007f2e7f500000)
  object space 1398272K, 8% used [0x00007f2dd4a00000,0x00007f2ddbc2d200,0x00007f2e29f80000)
 Metaspace       used 55353K, committed 55552K, reserved 65536K
}
Event: 70.081 GC heap before
{Heap before GC invocations=39 (full 12):
 PSYoungGen      total 1081344K, used 1001972K [0x00007f2e7f500000, 0x00007f2ed0a00000, 0x00007f2ed4a00000)
  eden space 890880K, 99% used [0x00007f2e7f500000,0x00007f2eb5745130,0x00007f2eb5b00000)
  from space 190464K, 60% used [0x00007f2ec5000000,0x00007f2ecc0380a8,0x00007f2ed0a00000)
  to   space 220672K, 0% used [0x00007f2eb5b00000,0x00007f2eb5b00000,0x00007f2ec3280000)
 ParOldGen       total 1398272K, used 116916K [0x00007f2dd4a00000, 0x00007f2e29f80000, 0x00007f2e7f500000)
  object space 1398272K, 8% used [0x00007f2dd4a00000,0x00007f2ddbc2d200,0x00007f2e29f80000)
 Metaspace       used 55362K, committed 55552K, reserved 65536K
}
Event: 70.105 GC heap after
{Heap after GC invocations=39 (full 12):
 PSYoungGen      total 1083904K, used 213696K [0x00007f2e7f500000, 0x00007f2ed3400000, 0x00007f2ed4a00000)
  eden space 863232K, 0% used [0x00007f2e7f500000,0x00007f2e7f500000,0x00007f2eb4000000)
  from space 220672K, 96% used [0x00007f2eb5b00000,0x00007f2ec2bb0138,0x00007f2ec3280000)
  to   space 256000K, 0% used [0x00007f2ec3a00000,0x00007f2ec3a00000,0x00007f2ed3400000)
 ParOldGen       total 1398272K, used 215236K [0x00007f2dd4a00000, 0x00007f2e29f80000, 0x00007f2e7f500000)
  object space 1398272K, 15% used [0x00007f2dd4a00000,0x00007f2de1c31290,0x00007f2e29f80000)
 Metaspace       used 55362K, committed 55552K, reserved 65536K
}
Event: 74.314 GC heap before
{Heap before GC invocations=40 (full 12):
 PSYoungGen      total 1083904K, used 1066998K [0x00007f2e7f500000, 0x00007f2ed3400000, 0x00007f2ed4a00000)
  eden space 863232K, 98% used [0x00007f2e7f500000,0x00007f2eb364d8a0,0x00007f2eb4000000)
  from space 220672K, 96% used [0x00007f2eb5b00000,0x00007f2ec2bb0138,0x00007f2ec3280000)
  to   space 256000K, 0% used [0x00007f2ec3a00000,0x00007f2ec3a00000,0x00007f2ed3400000)
 ParOldGen       total 1398272K, used 215236K [0x00007f2dd4a00000, 0x00007f2e29f80000, 0x00007f2e7f500000)
  object space 1398272K, 15% used [0x00007f2dd4a00000,0x00007f2de1c31290,0x00007f2e29f80000)
 Metaspace       used 55362K, committed 55552K, reserved 65536K
}
Event: 74.343 GC heap after
{Heap after GC invocations=40 (full 12):
 PSYoungGen      total 1061888K, used 246208K [0x00007f2e7f500000, 0x00007f2ed4a00000, 0x00007f2ed4a00000)
  eden space 805888K, 0% used [0x00007f2e7f500000,0x00007f2e7f500000,0x00007f2eb0800000)
  from space 256000K, 96% used [0x00007f2ec3a00000,0x00007f2ed2a70168,0x00007f2ed3400000)
  to   space 295936K, 0% used [0x00007f2eb0800000,0x00007f2eb0800000,0x00007f2ec2900000)
 ParOldGen       total 1398272K, used 313548K [0x00007f2dd4a00000, 0x00007f2e29f80000, 0x00007f2e7f500000)
  object space 1398272K, 22% used [0x00007f2dd4a00000,0x00007f2de7c33320,0x00007f2e29f80000)
 Metaspace       used 55362K, committed 55552K, reserved 65536K
}
Event: 77.527 GC heap before
{Heap before GC invocations=41 (full 12):
 PSYoungGen      total 1061888K, used 1049030K [0x00007f2e7f500000, 0x00007f2ed4a00000, 0x00007f2ed4a00000)
  eden space 805888K, 99% used [0x00007f2e7f500000,0x00007f2eb0501710,0x00007f2eb0800000)
  from space 256000K, 96% used [0x00007f2ec3a00000,0x00007f2ed2a70168,0x00007f2ed3400000)
  to   space 295936K, 0% used [0x00007f2eb0800000,0x00007f2eb0800000,0x00007f2ec2900000)
 ParOldGen       total 1398272K, used 313548K [0x00007f2dd4a00000, 0x00007f2e29f80000, 0x00007f2e7f500000)
  object space 1398272K, 22% used [0x00007f2dd4a00000,0x00007f2de7c33320,0x00007f2e29f80000)
 Metaspace       used 55363K, committed 55552K, reserved 65536K
}
Event: 77.556 GC heap after
{Heap after GC invocations=41 (full 12):
 PSYoungGen      total 1077760K, used 295648K [0x00007f2e7f500000, 0x00007f2ed4a00000, 0x00007f2ed4a00000)
  eden space 781824K, 0% used [0x00007f2e7f500000,0x00007f2e7f500000,0x00007f2eaf080000)
  from space 295936K, 99% used [0x00007f2eb0800000,0x00007f2ec28b81b0,0x00007f2ec2900000)
  to   space 295936K, 0% used [0x00007f2ec2900000,0x00007f2ec2900000,0x00007f2ed4a00000)
 ParOldGen       total 1398272K, used 395484K [0x00007f2dd4a00000, 0x00007f2e29f80000, 0x00007f2e7f500000)
  object space 1398272K, 28% used [0x00007f2dd4a00000,0x00007f2decc37398,0x00007f2e29f80000)
 Metaspace       used 55363K, committed 55552K, reserved 65536K
}
Event: 84.576 GC heap before
{Heap before GC invocations=42 (full 12):
 PSYoungGen      total 1077760K, used 1047872K [0x00007f2e7f500000, 0x00007f2ed4a00000, 0x00007f2ed4a00000)
  eden space 781824K, 96% used [0x00007f2e7f500000,0x00007f2ead397f50,0x00007f2eaf080000)
  from space 295936K, 99% used [0x00007f2eb0800000,0x00007f2ec28b81b0,0x00007f2ec2900000)
  to   space 295936K, 0% used [0x00007f2ec2900000,0x00007f2ec2900000,0x00007f2ed4a00000)
 ParOldGen       total 1398272K, used 395484K [0x00007f2dd4a00000, 0x00007f2e29f80000, 0x00007f2e7f500000)
  object space 1398272K, 28% used [0x00007f2dd4a00000,0x00007f2decc37398,0x00007f2e29f80000)
 Metaspace       used 55381K, committed 55552K, reserved 65536K
}
Event: 84.576 GC heap after
{Heap after GC invocations=42 (full 12):
 PSYoungGen      total 1001472K, used 224K [0x00007f2e7f500000, 0x00007f2ed4a00000, 0x00007f2ed4a00000)
  eden space 705536K, 0% used [0x00007f2e7f500000,0x00007f2e7f500000,0x00007f2eaa600000)
  from space 295936K, 0% used [0x00007f2ec2900000,0x00007f2ec2938000,0x00007f2ed4a00000)
  to   space 346112K, 0% used [0x00007f2eaa600000,0x00007f2eaa600000,0x00007f2ebf800000)
 ParOldGen       total 1398272K, used 395524K [0x00007f2dd4a00000, 0x00007f2e29f80000, 0x00007f2e7f500000)
  object space 1398272K, 28% used [0x00007f2dd4a00000,0x00007f2decc41398,0x00007f2e29f80000)
 Metaspace       used 55381K, committed 55552K, reserved 65536K
}
Event: 84.576 GC heap before
{Heap before GC invocations=43 (full 13):
 PSYoungGen      total 1001472K, used 224K [0x00007f2e7f500000, 0x00007f2ed4a00000, 0x00007f2ed4a00000)
  eden space 705536K, 0% used [0x00007f2e7f500000,0x00007f2e7f500000,0x00007f2eaa600000)
  from space 295936K, 0% used [0x00007f2ec2900000,0x00007f2ec2938000,0x00007f2ed4a00000)
  to   space 346112K, 0% used [0x00007f2eaa600000,0x00007f2eaa600000,0x00007f2ebf800000)
 ParOldGen       total 1398272K, used 395524K [0x00007f2dd4a00000, 0x00007f2e29f80000, 0x00007f2e7f500000)
  object space 1398272K, 28% used [0x00007f2dd4a00000,0x00007f2decc41398,0x00007f2e29f80000)
 Metaspace       used 55381K, committed 55552K, reserved 65536K
}
Event: 84.609 GC heap after
{Heap after GC invocations=43 (full 13):
 PSYoungGen      total 1001472K, used 0K [0x00007f2e7f500000, 0x00007f2ed4a00000, 0x00007f2ed4a00000)
  eden space 705536K, 0% used [0x00007f2e7f500000,0x00007f2e7f500000,0x00007f2eaa600000)
  from space 295936K, 0% used [0x00007f2ec2900000,0x00007f2ec2900000,0x00007f2ed4a00000)
  to   space 346112K, 0% used [0x00007f2eaa600000,0x00007f2eaa600000,0x00007f2ebf800000)
 ParOldGen       total 1398272K, used 32213K [0x00007f2dd4a00000, 0x00007f2e29f80000, 0x00007f2e7f500000)
  object space 1398272K, 2% used [0x00007f2dd4a00000,0x00007f2dd6975538,0x00007f2e29f80000)
 Metaspace       used 55381K, committed 55552K, reserved 65536K
}
Event: 105.861 GC heap before
{Heap before GC invocations=44 (full 13):
 PSYoungGen      total 1001472K, used 683444K [0x00007f2e7f500000, 0x00007f2ed4a00000, 0x00007f2ed4a00000)
  eden space 705536K, 96% used [0x00007f2e7f500000,0x00007f2ea906d038,0x00007f2eaa600000)
  from space 295936K, 0% used [0x00007f2ec2900000,0x00007f2ec2900000,0x00007f2ed4a00000)
  to   space 346112K, 0% used [0x00007f2eaa600000,0x00007f2eaa600000,0x00007f2ebf800000)
 ParOldGen       total 1398272K, used 163285K [0x00007f2dd4a00000, 0x00007f2e29f80000, 0x00007f2e7f500000)
  object space 1398272K, 11% used [0x00007f2dd4a00000,0x00007f2dde975568,0x00007f2e29f80000)
 Metaspace       used 56375K, committed 56576K, reserved 65536K
}
Event: 105.979 GC heap after
{Heap after GC invocations=44 (full 13):
 PSYoungGen      total 1044480K, used 338657K [0x00007f2e7f500000, 0x00007f2ed4a00000, 0x00007f2ed4a00000)
  eden space 705536K, 0% used [0x00007f2e7f500000,0x00007f2e7f500000,0x00007f2eaa600000)
  from space 338944K, 99% used [0x00007f2eaa600000,0x00007f2ebf0b8480,0x00007f2ebf100000)
  to   space 353280K, 0% used [0x00007f2ebf100000,0x00007f2ebf100000,0x00007f2ed4a00000)
 ParOldGen       total 1398272K, used 1048029K [0x00007f2dd4a00000, 0x00007f2e29f80000, 0x00007f2e7f500000)
  object space 1398272K, 74% used [0x00007f2dd4a00000,0x00007f2e149776d0,0x00007f2e29f80000)
 Metaspace       used 56375K, committed 56576K, reserved 65536K
}
Event: 105.979 GC heap before
{Heap before GC invocations=45 (full 14):
 PSYoungGen      total 1044480K, used 338657K [0x00007f2e7f500000, 0x00007f2ed4a00000, 0x00007f2ed4a00000)
  eden space 705536K, 0% used [0x00007f2e7f500000,0x00007f2e7f500000,0x00007f2eaa600000)
  from space 338944K, 99% used [0x00007f2eaa600000,0x00007f2ebf0b8480,0x00007f2ebf100000)
  to   space 353280K, 0% used [0x00007f2ebf100000,0x00007f2ebf100000,0x00007f2ed4a00000)
 ParOldGen       total 1398272K, used 1048029K [0x00007f2dd4a00000, 0x00007f2e29f80000, 0x00007f2e7f500000)
  object space 1398272K, 74% used [0x00007f2dd4a00000,0x00007f2e149776d0,0x00007f2e29f80000)
 Metaspace       used 56375K, committed 56576K, reserved 65536K
}
Event: 106.045 GC heap after
{Heap after GC invocations=45 (full 14):
 PSYoungGen      total 940032K, used 0K [0x00007f2e7f500000, 0x00007f2ed4a00000, 0x00007f2ed4a00000)
  eden space 586752K, 0% used [0x00007f2e7f500000,0x00007f2e7f500000,0x00007f2ea3200000)
  from space 353280K, 0% used [0x00007f2ebf100000,0x00007f2ebf100000,0x00007f2ed4a00000)
  to   space 405504K, 0% used [0x00007f2ea3200000,0x00007f2ea3200000,0x00007f2ebbe00000)
 ParOldGen       total 1677312K, used 533466K [0x00007f2dd4a00000, 0x00007f2e3b000000, 0x00007f2e7f500000)
  object space 1677312K, 31% used [0x00007f2dd4a00000,0x00007f2df52f6a70,0x00007f2e3b000000)
 Metaspace       used 56375K, committed 56576K, reserved 65536K
}
Event: 106.836 GC heap before
{Heap before GC invocations=46 (full 14):
 PSYoungGen      total 940032K, used 586752K [0x00007f2e7f500000, 0x00007f2ed4a00000, 0x00007f2ed4a00000)
  eden space 586752K, 100% used [0x00007f2e7f500000,0x00007f2ea3200000,0x00007f2ea3200000)
  from space 353280K, 0% used [0x00007f2ebf100000,0x00007f2ebf100000,0x00007f2ed4a00000)
  to   space 405504K, 0% used [0x00007f2ea3200000,0x00007f2ea3200000,0x00007f2ebbe00000)
 ParOldGen       total 1677312K, used 1123548K [0x00007f2dd4a00000, 0x00007f2e3b000000, 0x00007f2e7f500000)
  object space 1677312K, 66% used [0x00007f2dd4a00000,0x00007f2e19337328,0x00007f2e3b000000)
 Metaspace       used 56579K, committed 56768K, reserved 65536K
}
Event: 106.838 GC heap after
{Heap after GC invocations=46 (full 14):
 PSYoungGen      total 574976K, used 1472K [0x00007f2e7f500000, 0x00007f2ed3600000, 0x00007f2ed4a00000)
  eden space 573440K, 0% used [0x00007f2e7f500000,0x00007f2e7f500000,0x00007f2ea2500000)
  from space 1536K, 95% used [0x00007f2ea3200000,0x00007f2ea3370060,0x00007f2ea3380000)
  to   space 401920K, 0% used [0x00007f2ebad80000,0x00007f2ebad80000,0x00007f2ed3600000)
 ParOldGen       total 1677312K, used 1123556K [0x00007f2dd4a00000, 0x00007f2e3b000000, 0x00007f2e7f500000)
  object space 1677312K, 66% used [0x00007f2dd4a00000,0x00007f2e19339328,0x00007f2e3b000000)
 Metaspace       used 56579K, committed 56768K, reserved 65536K
}

