# JRE version: Java(TM) SE Runtime Environment (21.0.8+12) (build 21.0.8+12-LTS-250)
# Java VM: Java HotSpot(TM) 64-Bit Server VM (21.0.8+12-LTS-250, mixed mode, tiered, jvmci, parallel gc, linux-amd64)
GC Precious Log:
 CardTable entry size: 512
 CPUs: 8 total, 8 available
 Memory: 15707M
 Large Page Support: Disabled
 NUMA Support: Disabled
 Compressed Oops: Disabled
 Alignments: Space 512K, Generation 512K, Heap 2M
 Heap Min Capacity: 8M
 Heap Initial Capacity: 246M
 Heap Max Capacity: 3928M
 Pre-touch: Disabled
 Parallel Workers: 8
Heap:
 PSYoungGen      total 488448K, used 313925K [0x00007fc7aed00000, 0x00007fc7cec00000, 0x00007fc800a00000)
  eden space 487936K, 64% used [0x00007fc7aed00000,0x00007fc7c1f914d0,0x00007fc7cc980000)
  from space 512K, 0% used [0x00007fc7ceb80000,0x00007fc7ceb80000,0x00007fc7cec00000)
  to   space 14848K, 0% used [0x00007fc7ccf00000,0x00007fc7ccf00000,0x00007fc7cdd80000)
 ParOldGen       total 284160K, used 142498K [0x00007fc70b200000, 0x00007fc71c780000, 0x00007fc7aed00000)
  object space 284160K, 50% used [0x00007fc70b200000,0x00007fc713d28bc8,0x00007fc71c780000)
 Metaspace       used 52315K, committed 52544K, reserved 65536K
GC Heap History (20 events):
Event: 0.501 GC heap before
{Heap before GC invocations=1 (full 0):
 PSYoungGen      total 73728K, used 63488K [0x00007fc7aed00000, 0x00007fc7b3f00000, 0x00007fc800a00000)
  eden space 63488K, 100% used [0x00007fc7aed00000,0x00007fc7b2b00000,0x00007fc7b2b00000)
  from space 10240K, 0% used [0x00007fc7b3500000,0x00007fc7b3500000,0x00007fc7b3f00000)
  to   space 10240K, 0% used [0x00007fc7b2b00000,0x00007fc7b2b00000,0x00007fc7b3500000)
 ParOldGen       total 167936K, used 0K [0x00007fc70b200000, 0x00007fc715600000, 0x00007fc7aed00000)
  object space 167936K, 0% used [0x00007fc70b200000,0x00007fc70b200000,0x00007fc715600000)
 Metaspace       used 15139K, committed 15232K, reserved 65536K
}
Event: 0.504 GC heap after
{Heap after GC invocations=1 (full 0):
 PSYoungGen      total 73728K, used 8910K [0x00007fc7aed00000, 0x00007fc7b3f00000, 0x00007fc800a00000)
  eden space 63488K, 0% used [0x00007fc7aed00000,0x00007fc7aed00000,0x00007fc7b2b00000)
  from space 10240K, 87% used [0x00007fc7b2b00000,0x00007fc7b33b3bb8,0x00007fc7b3500000)
  to   space 10240K, 0% used [0x00007fc7b3500000,0x00007fc7b3500000,0x00007fc7b3f00000)
 ParOldGen       total 167936K, used 88K [0x00007fc70b200000, 0x00007fc715600000, 0x00007fc7aed00000)
  object space 167936K, 0% used [0x00007fc70b200000,0x00007fc70b216018,0x00007fc715600000)
 Metaspace       used 15139K, committed 15232K, reserved 65536K
}
Event: 0.669 GC heap before
{Heap before GC invocations=2 (full 0):
 PSYoungGen      total 73728K, used 32794K [0x00007fc7aed00000, 0x00007fc7b3f00000, 0x00007fc800a00000)
  eden space 63488K, 37% used [0x00007fc7aed00000,0x00007fc7b0452cc0,0x00007fc7b2b00000)
  from space 10240K, 87% used [0x00007fc7b2b00000,0x00007fc7b33b3bb8,0x00007fc7b3500000)
  to   space 10240K, 0% used [0x00007fc7b3500000,0x00007fc7b3500000,0x00007fc7b3f00000)
 ParOldGen       total 167936K, used 88K [0x00007fc70b200000, 0x00007fc715600000, 0x00007fc7aed00000)
  object space 167936K, 0% used [0x00007fc70b200000,0x00007fc70b216018,0x00007fc715600000)
 Metaspace       used 21425K, committed 21504K, reserved 65536K
}
Event: 0.673 GC heap after
{Heap after GC invocations=2 (full 0):
 PSYoungGen      total 73728K, used 10234K [0x00007fc7aed00000, 0x00007fc7b3f00000, 0x00007fc800a00000)
  eden space 63488K, 0% used [0x00007fc7aed00000,0x00007fc7aed00000,0x00007fc7b2b00000)
  from space 10240K, 99% used [0x00007fc7b3500000,0x00007fc7b3efea40,0x00007fc7b3f00000)
  to   space 10240K, 0% used [0x00007fc7b2b00000,0x00007fc7b2b00000,0x00007fc7b3500000)
 ParOldGen       total 167936K, used 1626K [0x00007fc70b200000, 0x00007fc715600000, 0x00007fc7aed00000)
  object space 167936K, 0% used [0x00007fc70b200000,0x00007fc70b3968d8,0x00007fc715600000)
 Metaspace       used 21425K, committed 21504K, reserved 65536K
}
Event: 0.673 GC heap before
{Heap before GC invocations=3 (full 1):
 PSYoungGen      total 73728K, used 10234K [0x00007fc7aed00000, 0x00007fc7b3f00000, 0x00007fc800a00000)
  eden space 63488K, 0% used [0x00007fc7aed00000,0x00007fc7aed00000,0x00007fc7b2b00000)
  from space 10240K, 99% used [0x00007fc7b3500000,0x00007fc7b3efea40,0x00007fc7b3f00000)
  to   space 10240K, 0% used [0x00007fc7b2b00000,0x00007fc7b2b00000,0x00007fc7b3500000)
 ParOldGen       total 167936K, used 1626K [0x00007fc70b200000, 0x00007fc715600000, 0x00007fc7aed00000)
  object space 167936K, 0% used [0x00007fc70b200000,0x00007fc70b3968d8,0x00007fc715600000)
 Metaspace       used 21425K, committed 21504K, reserved 65536K
}
Event: 0.682 GC heap after
{Heap after GC invocations=3 (full 1):
 PSYoungGen      total 73728K, used 0K [0x00007fc7aed00000, 0x00007fc7b3f00000, 0x00007fc800a00000)
  eden space 63488K, 0% used [0x00007fc7aed00000,0x00007fc7aed00000,0x00007fc7b2b00000)
  from space 10240K, 0% used [0x00007fc7b3500000,0x00007fc7b3500000,0x00007fc7b3f00000)
  to   space 10240K, 0% used [0x00007fc7b2b00000,0x00007fc7b2b00000,0x00007fc7b3500000)
 ParOldGen       total 167936K, used 11711K [0x00007fc70b200000, 0x00007fc715600000, 0x00007fc7aed00000)
  object space 167936K, 6% used [0x00007fc70b200000,0x00007fc70bd6fe18,0x00007fc715600000)
 Metaspace       used 21425K, committed 21504K, reserved 65536K
}
Event: 1.151 GC heap before
{Heap before GC invocations=4 (full 1):
 PSYoungGen      total 73728K, used 63488K [0x00007fc7aed00000, 0x00007fc7b3f00000, 0x00007fc800a00000)
  eden space 63488K, 100% used [0x00007fc7aed00000,0x00007fc7b2b00000,0x00007fc7b2b00000)
  from space 10240K, 0% used [0x00007fc7b3500000,0x00007fc7b3500000,0x00007fc7b3f00000)
  to   space 10240K, 0% used [0x00007fc7b2b00000,0x00007fc7b2b00000,0x00007fc7b3500000)
 ParOldGen       total 167936K, used 11711K [0x00007fc70b200000, 0x00007fc715600000, 0x00007fc7aed00000)
  object space 167936K, 6% used [0x00007fc70b200000,0x00007fc70bd6fe18,0x00007fc715600000)
 Metaspace       used 34299K, committed 34432K, reserved 65536K
}
Event: 1.153 GC heap after
{Heap after GC invocations=4 (full 1):
 PSYoungGen      total 73728K, used 5762K [0x00007fc7aed00000, 0x00007fc7b7d00000, 0x00007fc800a00000)
  eden space 63488K, 0% used [0x00007fc7aed00000,0x00007fc7aed00000,0x00007fc7b2b00000)
  from space 10240K, 56% used [0x00007fc7b2b00000,0x00007fc7b30a0a30,0x00007fc7b3500000)
  to   space 10240K, 0% used [0x00007fc7b7300000,0x00007fc7b7300000,0x00007fc7b7d00000)
 ParOldGen       total 167936K, used 11719K [0x00007fc70b200000, 0x00007fc715600000, 0x00007fc7aed00000)
  object space 167936K, 6% used [0x00007fc70b200000,0x00007fc70bd71e18,0x00007fc715600000)
 Metaspace       used 34299K, committed 34432K, reserved 65536K
}
Event: 1.205 GC heap before
{Heap before GC invocations=5 (full 1):
 PSYoungGen      total 73728K, used 13541K [0x00007fc7aed00000, 0x00007fc7b7d00000, 0x00007fc800a00000)
  eden space 63488K, 12% used [0x00007fc7aed00000,0x00007fc7af498a18,0x00007fc7b2b00000)
  from space 10240K, 56% used [0x00007fc7b2b00000,0x00007fc7b30a0a30,0x00007fc7b3500000)
  to   space 10240K, 0% used [0x00007fc7b7300000,0x00007fc7b7300000,0x00007fc7b7d00000)
 ParOldGen       total 167936K, used 11719K [0x00007fc70b200000, 0x00007fc715600000, 0x00007fc7aed00000)
  object space 167936K, 6% used [0x00007fc70b200000,0x00007fc70bd71e18,0x00007fc715600000)
 Metaspace       used 35706K, committed 35840K, reserved 65536K
}
Event: 1.208 GC heap after
{Heap after GC invocations=5 (full 1):
 PSYoungGen      total 137216K, used 5968K [0x00007fc7aed00000, 0x00007fc7b7d00000, 0x00007fc800a00000)
  eden space 126976K, 0% used [0x00007fc7aed00000,0x00007fc7aed00000,0x00007fc7b6900000)
  from space 10240K, 58% used [0x00007fc7b7300000,0x00007fc7b78d4048,0x00007fc7b7d00000)
  to   space 10240K, 0% used [0x00007fc7b6900000,0x00007fc7b6900000,0x00007fc7b7300000)
 ParOldGen       total 167936K, used 11727K [0x00007fc70b200000, 0x00007fc715600000, 0x00007fc7aed00000)
  object space 167936K, 6% used [0x00007fc70b200000,0x00007fc70bd73e18,0x00007fc715600000)
 Metaspace       used 35706K, committed 35840K, reserved 65536K
}
Event: 1.208 GC heap before
{Heap before GC invocations=6 (full 2):
 PSYoungGen      total 137216K, used 5968K [0x00007fc7aed00000, 0x00007fc7b7d00000, 0x00007fc800a00000)
  eden space 126976K, 0% used [0x00007fc7aed00000,0x00007fc7aed00000,0x00007fc7b6900000)
  from space 10240K, 58% used [0x00007fc7b7300000,0x00007fc7b78d4048,0x00007fc7b7d00000)
  to   space 10240K, 0% used [0x00007fc7b6900000,0x00007fc7b6900000,0x00007fc7b7300000)
 ParOldGen       total 167936K, used 11727K [0x00007fc70b200000, 0x00007fc715600000, 0x00007fc7aed00000)
  object space 167936K, 6% used [0x00007fc70b200000,0x00007fc70bd73e18,0x00007fc715600000)
 Metaspace       used 35706K, committed 35840K, reserved 65536K
}
Event: 1.224 GC heap after
{Heap after GC invocations=6 (full 2):
 PSYoungGen      total 137216K, used 0K [0x00007fc7aed00000, 0x00007fc7b7d00000, 0x00007fc800a00000)
  eden space 126976K, 0% used [0x00007fc7aed00000,0x00007fc7aed00000,0x00007fc7b6900000)
  from space 10240K, 0% used [0x00007fc7b7300000,0x00007fc7b7300000,0x00007fc7b7d00000)
  to   space 10240K, 0% used [0x00007fc7b6900000,0x00007fc7b6900000,0x00007fc7b7300000)
 ParOldGen       total 167936K, used 17437K [0x00007fc70b200000, 0x00007fc715600000, 0x00007fc7aed00000)
  object space 167936K, 10% used [0x00007fc70b200000,0x00007fc70c307428,0x00007fc715600000)
 Metaspace       used 35706K, committed 35840K, reserved 65536K
}
Event: 17.847 GC heap before
{Heap before GC invocations=7 (full 2):
 PSYoungGen      total 137216K, used 109174K [0x00007fc7aed00000, 0x00007fc7b7d00000, 0x00007fc800a00000)
  eden space 126976K, 85% used [0x00007fc7aed00000,0x00007fc7b579da40,0x00007fc7b6900000)
  from space 10240K, 0% used [0x00007fc7b7300000,0x00007fc7b7300000,0x00007fc7b7d00000)
  to   space 10240K, 0% used [0x00007fc7b6900000,0x00007fc7b6900000,0x00007fc7b7300000)
 ParOldGen       total 167936K, used 17437K [0x00007fc70b200000, 0x00007fc715600000, 0x00007fc7aed00000)
  object space 167936K, 10% used [0x00007fc70b200000,0x00007fc70c307428,0x00007fc715600000)
 Metaspace       used 51656K, committed 51840K, reserved 65536K
}
Event: 17.853 GC heap after
{Heap after GC invocations=7 (full 2):
 PSYoungGen      total 137216K, used 10221K [0x00007fc7aed00000, 0x00007fc7c0200000, 0x00007fc800a00000)
  eden space 126976K, 0% used [0x00007fc7aed00000,0x00007fc7aed00000,0x00007fc7b6900000)
  from space 10240K, 99% used [0x00007fc7b6900000,0x00007fc7b72fb740,0x00007fc7b7300000)
  to   space 14848K, 0% used [0x00007fc7bf380000,0x00007fc7bf380000,0x00007fc7c0200000)
 ParOldGen       total 167936K, used 18757K [0x00007fc70b200000, 0x00007fc715600000, 0x00007fc7aed00000)
  object space 167936K, 11% used [0x00007fc70b200000,0x00007fc70c451690,0x00007fc715600000)
 Metaspace       used 51656K, committed 51840K, reserved 65536K
}
Event: 18.191 GC heap before
{Heap before GC invocations=8 (full 2):
 PSYoungGen      total 137216K, used 118951K [0x00007fc7aed00000, 0x00007fc7c0200000, 0x00007fc800a00000)
  eden space 126976K, 85% used [0x00007fc7aed00000,0x00007fc7b572e610,0x00007fc7b6900000)
  from space 10240K, 99% used [0x00007fc7b6900000,0x00007fc7b72fb740,0x00007fc7b7300000)
  to   space 14848K, 0% used [0x00007fc7bf380000,0x00007fc7bf380000,0x00007fc7c0200000)
 ParOldGen       total 167936K, used 18757K [0x00007fc70b200000, 0x00007fc715600000, 0x00007fc7aed00000)
  object space 167936K, 11% used [0x00007fc70b200000,0x00007fc70c451690,0x00007fc715600000)
 Metaspace       used 52026K, committed 52224K, reserved 65536K
}
Event: 18.205 GC heap after
{Heap after GC invocations=8 (full 2):
 PSYoungGen      total 268800K, used 10440K [0x00007fc7aed00000, 0x00007fc7c0200000, 0x00007fc800a00000)
  eden space 253952K, 0% used [0x00007fc7aed00000,0x00007fc7aed00000,0x00007fc7be500000)
  from space 14848K, 70% used [0x00007fc7bf380000,0x00007fc7bfdb2198,0x00007fc7c0200000)
  to   space 14848K, 0% used [0x00007fc7be500000,0x00007fc7be500000,0x00007fc7bf380000)
 ParOldGen       total 167936K, used 51533K [0x00007fc70b200000, 0x00007fc715600000, 0x00007fc7aed00000)
  object space 167936K, 30% used [0x00007fc70b200000,0x00007fc70e4536a8,0x00007fc715600000)
 Metaspace       used 52026K, committed 52224K, reserved 65536K
}
Event: 19.193 GC heap before
{Heap before GC invocations=9 (full 2):
 PSYoungGen      total 268800K, used 251327K [0x00007fc7aed00000, 0x00007fc7c0200000, 0x00007fc800a00000)
  eden space 253952K, 94% used [0x00007fc7aed00000,0x00007fc7bd83db28,0x00007fc7be500000)
  from space 14848K, 70% used [0x00007fc7bf380000,0x00007fc7bfdb2198,0x00007fc7c0200000)
  to   space 14848K, 0% used [0x00007fc7be500000,0x00007fc7be500000,0x00007fc7bf380000)
 ParOldGen       total 167936K, used 51533K [0x00007fc70b200000, 0x00007fc715600000, 0x00007fc7aed00000)
  object space 167936K, 30% used [0x00007fc70b200000,0x00007fc70e4536a8,0x00007fc715600000)
 Metaspace       used 52149K, committed 52352K, reserved 65536K
}
Event: 19.214 GC heap after
{Heap after GC invocations=9 (full 2):
 PSYoungGen      total 268800K, used 10401K [0x00007fc7aed00000, 0x00007fc7cfa00000, 0x00007fc800a00000)
  eden space 253952K, 0% used [0x00007fc7aed00000,0x00007fc7aed00000,0x00007fc7be500000)
  from space 14848K, 70% used [0x00007fc7be500000,0x00007fc7bef28788,0x00007fc7bf380000)
  to   space 14848K, 0% used [0x00007fc7ceb80000,0x00007fc7ceb80000,0x00007fc7cfa00000)
 ParOldGen       total 167936K, used 166219K [0x00007fc70b200000, 0x00007fc715600000, 0x00007fc7aed00000)
  object space 167936K, 98% used [0x00007fc70b200000,0x00007fc715452f28,0x00007fc715600000)
 Metaspace       used 52149K, committed 52352K, reserved 65536K
}
Event: 19.214 GC heap before
{Heap before GC invocations=10 (full 3):
 PSYoungGen      total 268800K, used 10401K [0x00007fc7aed00000, 0x00007fc7cfa00000, 0x00007fc800a00000)
  eden space 253952K, 0% used [0x00007fc7aed00000,0x00007fc7aed00000,0x00007fc7be500000)
  from space 14848K, 70% used [0x00007fc7be500000,0x00007fc7bef28788,0x00007fc7bf380000)
  to   space 14848K, 0% used [0x00007fc7ceb80000,0x00007fc7ceb80000,0x00007fc7cfa00000)
 ParOldGen       total 167936K, used 166219K [0x00007fc70b200000, 0x00007fc715600000, 0x00007fc7aed00000)
  object space 167936K, 98% used [0x00007fc70b200000,0x00007fc715452f28,0x00007fc715600000)
 Metaspace       used 52149K, committed 52352K, reserved 65536K
}
Event: 19.249 GC heap after
{Heap after GC invocations=10 (full 3):
 PSYoungGen      total 488448K, used 0K [0x00007fc7aed00000, 0x00007fc7cec00000, 0x00007fc800a00000)
  eden space 487936K, 0% used [0x00007fc7aed00000,0x00007fc7aed00000,0x00007fc7cc980000)
  from space 512K, 0% used [0x00007fc7ceb80000,0x00007fc7ceb80000,0x00007fc7cec00000)
  to   space 14848K, 0% used [0x00007fc7ccf00000,0x00007fc7ccf00000,0x00007fc7cdd80000)
 ParOldGen       total 284160K, used 142498K [0x00007fc70b200000, 0x00007fc71c780000, 0x00007fc7aed00000)
  object space 284160K, 50% used [0x00007fc70b200000,0x00007fc713d28bc8,0x00007fc71c780000)
 Metaspace       used 52149K, committed 52352K, reserved 65536K
}

