# JRE version: Java(TM) SE Runtime Environment (21.0.8+12) (build 21.0.8+12-LTS-250)
# Java VM: Java HotSpot(TM) 64-Bit Server VM (21.0.8+12-LTS-250, mixed mode, tiered, jvmci, parallel gc, linux-amd64)
GC Precious Log:
 CardTable entry size: 512
 CPUs: 8 total, 8 available
 Memory: 15707M
 Large Page Support: Disabled
 NUMA Support: Disabled
 Compressed Oops: Disabled
 Alignments: Space 512K, Generation 512K, Heap 2M
 Heap Min Capacity: 8M
 Heap Initial Capacity: 246M
 Heap Max Capacity: 3928M
 Pre-touch: Disabled
 Parallel Workers: 8
Heap:
 PSYoungGen      total 208384K, used 183676K [0x00007f2baad00000, 0x00007f2bbc600000, 0x00007f2bfca00000)
  eden space 192512K, 95% used [0x00007f2baad00000,0x00007f2bb605f2b8,0x00007f2bb6900000)
  from space 15872K, 0% used [0x00007f2bb6900000,0x00007f2bb6900000,0x00007f2bb7880000)
  to   space 15872K, 0% used [0x00007f2bbb680000,0x00007f2bbb680000,0x00007f2bbc600000)
 ParOldGen       total 874496K, used 853748K [0x00007f2b07200000, 0x00007f2b3c800000, 0x00007f2baad00000)
  object space 874496K, 97% used [0x00007f2b07200000,0x00007f2b3b3bd178,0x00007f2b3c800000)
 Metaspace       used 53805K, committed 54016K, reserved 65536K
GC Heap History (20 events):
Event: 2.732 GC heap before
{Heap before GC invocations=7 (full 2):
 PSYoungGen      total 73728K, used 63488K [0x00007f2baad00000, 0x00007f2baff00000, 0x00007f2bfca00000)
  eden space 63488K, 100% used [0x00007f2baad00000,0x00007f2baeb00000,0x00007f2baeb00000)
  from space 10240K, 0% used [0x00007f2baf500000,0x00007f2baf500000,0x00007f2baff00000)
  to   space 10240K, 0% used [0x00007f2baeb00000,0x00007f2baeb00000,0x00007f2baf500000)
 ParOldGen       total 167936K, used 17466K [0x00007f2b07200000, 0x00007f2b11600000, 0x00007f2baad00000)
  object space 167936K, 10% used [0x00007f2b07200000,0x00007f2b0830ea38,0x00007f2b11600000)
 Metaspace       used 45900K, committed 46080K, reserved 65536K
}
Event: 2.735 GC heap after
{Heap after GC invocations=7 (full 2):
 PSYoungGen      total 73728K, used 6666K [0x00007f2baad00000, 0x00007f2bb4200000, 0x00007f2bfca00000)
  eden space 63488K, 0% used [0x00007f2baad00000,0x00007f2baad00000,0x00007f2baeb00000)
  from space 10240K, 65% used [0x00007f2baeb00000,0x00007f2baf1828e8,0x00007f2baf500000)
  to   space 12800K, 0% used [0x00007f2bb3580000,0x00007f2bb3580000,0x00007f2bb4200000)
 ParOldGen       total 167936K, used 17474K [0x00007f2b07200000, 0x00007f2b11600000, 0x00007f2baad00000)
  object space 167936K, 10% used [0x00007f2b07200000,0x00007f2b08310a38,0x00007f2b11600000)
 Metaspace       used 45900K, committed 46080K, reserved 65536K
}
Event: 31.906 GC heap before
{Heap before GC invocations=8 (full 2):
 PSYoungGen      total 73728K, used 59785K [0x00007f2baad00000, 0x00007f2bb4200000, 0x00007f2bfca00000)
  eden space 63488K, 83% used [0x00007f2baad00000,0x00007f2bae0dfba0,0x00007f2baeb00000)
  from space 10240K, 65% used [0x00007f2baeb00000,0x00007f2baf1828e8,0x00007f2baf500000)
  to   space 12800K, 0% used [0x00007f2bb3580000,0x00007f2bb3580000,0x00007f2bb4200000)
 ParOldGen       total 167936K, used 115778K [0x00007f2b07200000, 0x00007f2b11600000, 0x00007f2baad00000)
  object space 167936K, 68% used [0x00007f2b07200000,0x00007f2b0e310a80,0x00007f2b11600000)
 Metaspace       used 51159K, committed 51328K, reserved 65536K
}
Event: 31.910 GC heap after
{Heap after GC invocations=8 (full 2):
 PSYoungGen      total 74240K, used 11795K [0x00007f2baad00000, 0x00007f2bb4180000, 0x00007f2bfca00000)
  eden space 61952K, 0% used [0x00007f2baad00000,0x00007f2baad00000,0x00007f2bae980000)
  from space 12288K, 95% used [0x00007f2bb3580000,0x00007f2bb4104eb0,0x00007f2bb4180000)
  to   space 14336K, 0% used [0x00007f2bb2580000,0x00007f2bb2580000,0x00007f2bb3380000)
 ParOldGen       total 167936K, used 115794K [0x00007f2b07200000, 0x00007f2b11600000, 0x00007f2baad00000)
  object space 167936K, 68% used [0x00007f2b07200000,0x00007f2b0e314a80,0x00007f2b11600000)
 Metaspace       used 51159K, committed 51328K, reserved 65536K
}
Event: 31.948 GC heap before
{Heap before GC invocations=9 (full 2):
 PSYoungGen      total 74240K, used 52987K [0x00007f2baad00000, 0x00007f2bb4180000, 0x00007f2bfca00000)
  eden space 61952K, 66% used [0x00007f2baad00000,0x00007f2bad539f28,0x00007f2bae980000)
  from space 12288K, 95% used [0x00007f2bb3580000,0x00007f2bb4104eb0,0x00007f2bb4180000)
  to   space 14336K, 0% used [0x00007f2bb2580000,0x00007f2bb2580000,0x00007f2bb3380000)
 ParOldGen       total 167936K, used 145692K [0x00007f2b07200000, 0x00007f2b11600000, 0x00007f2baad00000)
  object space 167936K, 86% used [0x00007f2b07200000,0x00007f2b10047270,0x00007f2b11600000)
 Metaspace       used 51166K, committed 51328K, reserved 65536K
}
Event: 31.974 GC heap after
{Heap after GC invocations=9 (full 2):
 PSYoungGen      total 74752K, used 12571K [0x00007f2baad00000, 0x00007f2bb3600000, 0x00007f2bfca00000)
  eden space 61952K, 0% used [0x00007f2baad00000,0x00007f2baad00000,0x00007f2bae980000)
  from space 12800K, 98% used [0x00007f2bb2580000,0x00007f2bb31c6ef8,0x00007f2bb3200000)
  to   space 4096K, 0% used [0x00007f2bb3200000,0x00007f2bb3200000,0x00007f2bb3600000)
 ParOldGen       total 198144K, used 183073K [0x00007f2b07200000, 0x00007f2b13380000, 0x00007f2baad00000)
  object space 198144K, 92% used [0x00007f2b07200000,0x00007f2b124c8470,0x00007f2b13380000)
 Metaspace       used 51166K, committed 51328K, reserved 65536K
}
Event: 31.974 GC heap before
{Heap before GC invocations=10 (full 3):
 PSYoungGen      total 74752K, used 12571K [0x00007f2baad00000, 0x00007f2bb3600000, 0x00007f2bfca00000)
  eden space 61952K, 0% used [0x00007f2baad00000,0x00007f2baad00000,0x00007f2bae980000)
  from space 12800K, 98% used [0x00007f2bb2580000,0x00007f2bb31c6ef8,0x00007f2bb3200000)
  to   space 4096K, 0% used [0x00007f2bb3200000,0x00007f2bb3200000,0x00007f2bb3600000)
 ParOldGen       total 198144K, used 183073K [0x00007f2b07200000, 0x00007f2b13380000, 0x00007f2baad00000)
  object space 198144K, 92% used [0x00007f2b07200000,0x00007f2b124c8470,0x00007f2b13380000)
 Metaspace       used 51166K, committed 51328K, reserved 65536K
}
Event: 32.063 GC heap after
{Heap after GC invocations=10 (full 3):
 PSYoungGen      total 124928K, used 0K [0x00007f2baad00000, 0x00007f2bb4280000, 0x00007f2bfca00000)
  eden space 120832K, 0% used [0x00007f2baad00000,0x00007f2baad00000,0x00007f2bb2300000)
  from space 4096K, 0% used [0x00007f2bb3200000,0x00007f2bb3200000,0x00007f2bb3600000)
  to   space 15360K, 0% used [0x00007f2bb2300000,0x00007f2bb2300000,0x00007f2bb3200000)
 ParOldGen       total 280064K, used 194474K [0x00007f2b07200000, 0x00007f2b18380000, 0x00007f2baad00000)
  object space 280064K, 69% used [0x00007f2b07200000,0x00007f2b12fea8e0,0x00007f2b18380000)
 Metaspace       used 51166K, committed 51328K, reserved 65536K
}
Event: 32.876 GC heap before
{Heap before GC invocations=11 (full 3):
 PSYoungGen      total 124928K, used 46383K [0x00007f2baad00000, 0x00007f2bb4280000, 0x00007f2bfca00000)
  eden space 120832K, 38% used [0x00007f2baad00000,0x00007f2bada4be30,0x00007f2bb2300000)
  from space 4096K, 0% used [0x00007f2bb3200000,0x00007f2bb3200000,0x00007f2bb3600000)
  to   space 15360K, 0% used [0x00007f2bb2300000,0x00007f2bb2300000,0x00007f2bb3200000)
 ParOldGen       total 543232K, used 456618K [0x00007f2b07200000, 0x00007f2b28480000, 0x00007f2baad00000)
  object space 543232K, 84% used [0x00007f2b07200000,0x00007f2b22fea910,0x00007f2b28480000)
 Metaspace       used 52024K, committed 52224K, reserved 65536K
}
Event: 32.913 GC heap after
{Heap after GC invocations=11 (full 3):
 PSYoungGen      total 136192K, used 416K [0x00007f2baad00000, 0x00007f2bb4480000, 0x00007f2bfca00000)
  eden space 120832K, 0% used [0x00007f2baad00000,0x00007f2baad00000,0x00007f2bb2300000)
  from space 15360K, 2% used [0x00007f2bb2300000,0x00007f2bb2368000,0x00007f2bb3200000)
  to   space 16384K, 0% used [0x00007f2bb3480000,0x00007f2bb3480000,0x00007f2bb4480000)
 ParOldGen       total 543232K, used 489394K [0x00007f2b07200000, 0x00007f2b28480000, 0x00007f2baad00000)
  object space 543232K, 90% used [0x00007f2b07200000,0x00007f2b24fec928,0x00007f2b28480000)
 Metaspace       used 52024K, committed 52224K, reserved 65536K
}
Event: 32.913 GC heap before
{Heap before GC invocations=12 (full 4):
 PSYoungGen      total 136192K, used 416K [0x00007f2baad00000, 0x00007f2bb4480000, 0x00007f2bfca00000)
  eden space 120832K, 0% used [0x00007f2baad00000,0x00007f2baad00000,0x00007f2bb2300000)
  from space 15360K, 2% used [0x00007f2bb2300000,0x00007f2bb2368000,0x00007f2bb3200000)
  to   space 16384K, 0% used [0x00007f2bb3480000,0x00007f2bb3480000,0x00007f2bb4480000)
 ParOldGen       total 543232K, used 489394K [0x00007f2b07200000, 0x00007f2b28480000, 0x00007f2baad00000)
  object space 543232K, 90% used [0x00007f2b07200000,0x00007f2b24fec928,0x00007f2b28480000)
 Metaspace       used 52024K, committed 52224K, reserved 65536K
}
Event: 32.981 GC heap after
{Heap after GC invocations=12 (full 4):
 PSYoungGen      total 136192K, used 0K [0x00007f2baad00000, 0x00007f2bb4480000, 0x00007f2bfca00000)
  eden space 120832K, 0% used [0x00007f2baad00000,0x00007f2baad00000,0x00007f2bb2300000)
  from space 15360K, 0% used [0x00007f2bb2300000,0x00007f2bb2300000,0x00007f2bb3200000)
  to   space 16384K, 0% used [0x00007f2bb3480000,0x00007f2bb3480000,0x00007f2bb4480000)
 ParOldGen       total 543232K, used 28277K [0x00007f2b07200000, 0x00007f2b28480000, 0x00007f2baad00000)
  object space 543232K, 5% used [0x00007f2b07200000,0x00007f2b08d9d698,0x00007f2b28480000)
 Metaspace       used 52024K, committed 52224K, reserved 65536K
}
Event: 49.044 GC heap before
{Heap before GC invocations=13 (full 4):
 PSYoungGen      total 136192K, used 120832K [0x00007f2baad00000, 0x00007f2bb4480000, 0x00007f2bfca00000)
  eden space 120832K, 100% used [0x00007f2baad00000,0x00007f2bb2300000,0x00007f2bb2300000)
  from space 15360K, 0% used [0x00007f2bb2300000,0x00007f2bb2300000,0x00007f2bb3200000)
  to   space 16384K, 0% used [0x00007f2bb3480000,0x00007f2bb3480000,0x00007f2bb4480000)
 ParOldGen       total 1532416K, used 1503864K [0x00007f2b07200000, 0x00007f2b64a80000, 0x00007f2baad00000)
  object space 1532416K, 98% used [0x00007f2b07200000,0x00007f2b62e9e078,0x00007f2b64a80000)
 Metaspace       used 53528K, committed 53760K, reserved 65536K
}
Event: 49.065 GC heap after
{Heap after GC invocations=13 (full 4):
 PSYoungGen      total 139264K, used 7104K [0x00007f2baad00000, 0x00007f2bbb400000, 0x00007f2bfca00000)
  eden space 122880K, 0% used [0x00007f2baad00000,0x00007f2baad00000,0x00007f2bb2500000)
  from space 16384K, 43% used [0x00007f2bb3480000,0x00007f2bb3b700a8,0x00007f2bb4480000)
  to   space 15872K, 0% used [0x00007f2bb2500000,0x00007f2bb2500000,0x00007f2bb3480000)
 ParOldGen       total 1565696K, used 1536640K [0x00007f2b07200000, 0x00007f2b66b00000, 0x00007f2baad00000)
  object space 1565696K, 98% used [0x00007f2b07200000,0x00007f2b64ea0090,0x00007f2b66b00000)
 Metaspace       used 53528K, committed 53760K, reserved 65536K
}
Event: 49.065 GC heap before
{Heap before GC invocations=14 (full 5):
 PSYoungGen      total 139264K, used 7104K [0x00007f2baad00000, 0x00007f2bbb400000, 0x00007f2bfca00000)
  eden space 122880K, 0% used [0x00007f2baad00000,0x00007f2baad00000,0x00007f2bb2500000)
  from space 16384K, 43% used [0x00007f2bb3480000,0x00007f2bb3b700a8,0x00007f2bb4480000)
  to   space 15872K, 0% used [0x00007f2bb2500000,0x00007f2bb2500000,0x00007f2bb3480000)
 ParOldGen       total 1565696K, used 1536640K [0x00007f2b07200000, 0x00007f2b66b00000, 0x00007f2baad00000)
  object space 1565696K, 98% used [0x00007f2b07200000,0x00007f2b64ea0090,0x00007f2b66b00000)
 Metaspace       used 53528K, committed 53760K, reserved 65536K
}
Event: 49.216 GC heap after
{Heap after GC invocations=14 (full 5):
 PSYoungGen      total 138752K, used 0K [0x00007f2baad00000, 0x00007f2bb8800000, 0x00007f2bfca00000)
  eden space 122880K, 0% used [0x00007f2baad00000,0x00007f2baad00000,0x00007f2bb2500000)
  from space 15872K, 0% used [0x00007f2bb2500000,0x00007f2bb2500000,0x00007f2bb3480000)
  to   space 15872K, 0% used [0x00007f2bb7880000,0x00007f2bb7880000,0x00007f2bb8800000)
 ParOldGen       total 961024K, used 853804K [0x00007f2b07200000, 0x00007f2b41c80000, 0x00007f2baad00000)
  object space 961024K, 88% used [0x00007f2b07200000,0x00007f2b3b3cb2b0,0x00007f2b41c80000)
 Metaspace       used 53528K, committed 53760K, reserved 65536K
}
Event: 49.560 GC heap before
{Heap before GC invocations=15 (full 5):
 PSYoungGen      total 138752K, used 114021K [0x00007f2baad00000, 0x00007f2bb8800000, 0x00007f2bfca00000)
  eden space 122880K, 92% used [0x00007f2baad00000,0x00007f2bb1c59430,0x00007f2bb2500000)
  from space 15872K, 0% used [0x00007f2bb2500000,0x00007f2bb2500000,0x00007f2bb3480000)
  to   space 15872K, 0% used [0x00007f2bb7880000,0x00007f2bb7880000,0x00007f2bb8800000)
 ParOldGen       total 1224192K, used 1148716K [0x00007f2b07200000, 0x00007f2b51d80000, 0x00007f2baad00000)
  object space 1224192K, 93% used [0x00007f2b07200000,0x00007f2b4d3cb2f8,0x00007f2b51d80000)
 Metaspace       used 53643K, committed 53824K, reserved 65536K
}
Event: 49.590 GC heap after
{Heap after GC invocations=15 (full 5):
 PSYoungGen      total 208384K, used 2272K [0x00007f2baad00000, 0x00007f2bb8800000, 0x00007f2bfca00000)
  eden space 192512K, 0% used [0x00007f2baad00000,0x00007f2baad00000,0x00007f2bb6900000)
  from space 15872K, 14% used [0x00007f2bb7880000,0x00007f2bb7ab8168,0x00007f2bb8800000)
  to   space 15872K, 0% used [0x00007f2bb6900000,0x00007f2bb6900000,0x00007f2bb7880000)
 ParOldGen       total 1423872K, used 1410868K [0x00007f2b07200000, 0x00007f2b5e080000, 0x00007f2baad00000)
  object space 1423872K, 99% used [0x00007f2b07200000,0x00007f2b5d3cd3b8,0x00007f2b5e080000)
 Metaspace       used 53643K, committed 53824K, reserved 65536K
}
Event: 49.590 GC heap before
{Heap before GC invocations=16 (full 6):
 PSYoungGen      total 208384K, used 2272K [0x00007f2baad00000, 0x00007f2bb8800000, 0x00007f2bfca00000)
  eden space 192512K, 0% used [0x00007f2baad00000,0x00007f2baad00000,0x00007f2bb6900000)
  from space 15872K, 14% used [0x00007f2bb7880000,0x00007f2bb7ab8168,0x00007f2bb8800000)
  to   space 15872K, 0% used [0x00007f2bb6900000,0x00007f2bb6900000,0x00007f2bb7880000)
 ParOldGen       total 1423872K, used 1410868K [0x00007f2b07200000, 0x00007f2b5e080000, 0x00007f2baad00000)
  object space 1423872K, 99% used [0x00007f2b07200000,0x00007f2b5d3cd3b8,0x00007f2b5e080000)
 Metaspace       used 53643K, committed 53824K, reserved 65536K
}
Event: 49.705 GC heap after
{Heap after GC invocations=16 (full 6):
 PSYoungGen      total 208384K, used 0K [0x00007f2baad00000, 0x00007f2bbc600000, 0x00007f2bfca00000)
  eden space 192512K, 0% used [0x00007f2baad00000,0x00007f2baad00000,0x00007f2bb6900000)
  from space 15872K, 0% used [0x00007f2bb6900000,0x00007f2bb6900000,0x00007f2bb7880000)
  to   space 15872K, 0% used [0x00007f2bbb680000,0x00007f2bbb680000,0x00007f2bbc600000)
 ParOldGen       total 841216K, used 624372K [0x00007f2b07200000, 0x00007f2b3a780000, 0x00007f2baad00000)
  object space 841216K, 74% used [0x00007f2b07200000,0x00007f2b2d3bd118,0x00007f2b3a780000)
 Metaspace       used 53643K, committed 53824K, reserved 65536K
}

